<?xml version="1.0" encoding="UTF-8" ?>
<testsuite errors="0" failures="0" hostname="MacBook-Air-de-Tatiana.local" name="com.google.appinventor.buildserver.YailEvalTest" skipped="0" tests="77" time="65.388" timestamp="2016-06-19T15:50:15">
  <properties>
    <property name="java.vendor" value="Oracle Corporation" />
    <property name="lib.dir" value="/Users/Taty/git/vedils_final/appinventor/lib" />
    <property name="sun.java.launcher" value="SUN_STANDARD" />
    <property name="sun.management.compiler" value="HotSpot 64-Bit Tiered Compilers" />
    <property name="docs.dir" value="/Users/Taty/git/vedils_final/appinventor/docs" />
    <property name="os.name" value="Mac OS X" />
    <property name="sun.boot.class.path" value="/Library/Java/JavaVirtualMachines/jdk1.7.0_25.jdk/Contents/Home/jre/lib/resources.jar:/Library/Java/JavaVirtualMachines/jdk1.7.0_25.jdk/Contents/Home/jre/lib/rt.jar:/Library/Java/JavaVirtualMachines/jdk1.7.0_25.jdk/Contents/Home/jre/lib/sunrsasign.jar:/Library/Java/JavaVirtualMachines/jdk1.7.0_25.jdk/Contents/Home/jre/lib/jsse.jar:/Library/Java/JavaVirtualMachines/jdk1.7.0_25.jdk/Contents/Home/jre/lib/jce.jar:/Library/Java/JavaVirtualMachines/jdk1.7.0_25.jdk/Contents/Home/jre/lib/charsets.jar:/Library/Java/JavaVirtualMachines/jdk1.7.0_25.jdk/Contents/Home/jre/lib/jfr.jar:/Library/Java/JavaVirtualMachines/jdk1.7.0_25.jdk/Contents/Home/jre/lib/JObjC.jar:/Library/Java/JavaVirtualMachines/jdk1.7.0_25.jdk/Contents/Home/jre/classes" />
    <property name="ant.file.buildserver" value="/Users/Taty/git/vedils_final/appinventor/buildserver/build.xml" />
    <property name="java.vm.specification.vendor" value="Oracle Corporation" />
    <property name="ant.home" value="/usr/local/Cellar/ant/1.9.4/libexec" />
    <property name="java.runtime.version" value="1.7.0_25-b15" />
    <property name="classes.tools.dir" value="/Users/Taty/git/vedils_final/appinventor/buildserver/build/classes/BuildServer/tools" />
    <property name="user.name" value="Taty" />
    <property name="public.build.dir" value="/Users/Taty/git/vedils_final/appinventor/build/buildserver" />
    <property name="classes.files.dir" value="/Users/Taty/git/vedils_final/appinventor/buildserver/build/classes/BuildServer/files" />
    <property name="debug" value="true" />
    <property name="build.dir" value="/Users/Taty/git/vedils_final/appinventor/build" />
    <property name="ant.file.type.buildserver" value="file" />
    <property name="appinventor.dir" value="/Users/Taty/git/vedils_final/appinventor" />
    <property name="user.language" value="es" />
    <property name="class.dir" value="/Users/Taty/git/vedils_final/appinventor/buildserver/build/classes" />
    <property name="sun.boot.library.path" value="/Library/Java/JavaVirtualMachines/jdk1.7.0_25.jdk/Contents/Home/jre/lib" />
    <property name="reports.dir" value="/Users/Taty/git/vedils_final/appinventor/buildserver/reports" />
    <property name="ant.project.default-target" value="all" />
    <property name="ant.project.name" value="buildserver" />
    <property name="java.version" value="1.7.0_25" />
    <property name="user.timezone" value="" />
    <property name="sun.arch.data.model" value="64" />
    <property name="http.nonProxyHosts" value="local|*.local|169.254/16|*.169.254/16" />
    <property name="java.endorsed.dirs" value="/Library/Java/JavaVirtualMachines/jdk1.7.0_25.jdk/Contents/Home/jre/lib/endorsed" />
    <property name="sun.cpu.isalist" value="" />
    <property name="sun.jnu.encoding" value="UTF-8" />
    <property name="file.encoding.pkg" value="sun.io" />
    <property name="file.separator" value="/" />
    <property name="java.specification.name" value="Java Platform API Specification" />
    <property name="java.class.version" value="51.0" />
    <property name="user.country" value="ES" />
    <property name="java.home" value="/Library/Java/JavaVirtualMachines/jdk1.7.0_25.jdk/Contents/Home/jre" />
    <property name="ant.file.AllProjects" value="/Users/Taty/git/vedils_final/appinventor/build.xml" />
    <property name="java.vm.info" value="mixed mode" />
    <property name="ant.file" value="/Users/Taty/git/vedils_final/appinventor/buildserver/build.xml" />
    <property name="os.version" value="10.11.3" />
    <property name="sun.font.fontmanager" value="sun.font.CFontManager" />
    <property name="path.separator" value=":" />
    <property name="java.vm.version" value="23.25-b01" />
    <property name="buildserver.pkg" value="com/google/appinventor/buildserver" />
    <property name="ant.library.dir" value="/usr/local/Cellar/ant/1.9.4/libexec/lib" />
    <property name="sun.awt.enableExtraMouseButtons" value="true" />
    <property name="ant.file.type.AllProjects" value="file" />
    <property name="java.awt.printerjob" value="sun.lwawt.macosx.CPrinterJob" />
    <property name="sun.io.unicode.encoding" value="UnicodeBig" />
    <property name="awt.toolkit" value="sun.lwawt.macosx.LWCToolkit" />
    <property name="socksNonProxyHosts" value="local|*.local|169.254/16|*.169.254/16" />
    <property name="debug.compile" value="true" />
    <property name="ftp.nonProxyHosts" value="local|*.local|169.254/16|*.169.254/16" />
    <property name="user.home" value="/Users/Taty" />
    <property name="java.specification.vendor" value="Oracle Corporation" />
    <property name="java.library.path" value="/Users/Taty/Library/Java/Extensions:/Library/Java/Extensions:/Network/Library/Java/Extensions:/System/Library/Java/Extensions:/usr/lib/java:." />
    <property name="java.vendor.url" value="http://java.oracle.com/" />
    <property name="run.dir" value="/Users/Taty/git/vedils_final/appinventor/buildserver/build/run" />
    <property name="java.vm.vendor" value="Oracle Corporation" />
    <property name="gopherProxySet" value="false" />
    <property name="java.runtime.name" value="Java(TM) SE Runtime Environment" />
    <property name="sun.java.command" value="org.apache.tools.ant.taskdefs.optional.junit.JUnitTestRunner com.google.appinventor.buildserver.YailEvalTest skipNonTests=false filtertrace=true haltOnError=false haltOnFailure=false formatter=org.apache.tools.ant.taskdefs.optional.junit.SummaryJUnitResultFormatter showoutput=false outputtoformatters=true logfailedtests=true threadid=0 logtestlistenerevents=false formatter=org.apache.tools.ant.taskdefs.optional.junit.XMLJUnitResultFormatter,/Users/Taty/git/vedils_final/appinventor/buildserver/reports/raw/TEST-com.google.appinventor.buildserver.YailEvalTest.xml crashfile=/Users/Taty/git/vedils_final/appinventor/buildserver/junitvmwatcher9137579035234612103.properties propsfile=/Users/Taty/git/vedils_final/appinventor/buildserver/junit42631978667500122.properties" />
    <property name="java.class.path" value="/Users/Taty/git/vedils_final/appinventor/buildserver/build/run/lib/BuildServer.jar:/Users/Taty/git/vedils_final/appinventor/buildserver/build/run/lib/CommonUtils.jar:/Users/Taty/git/vedils_final/appinventor/buildserver/build/run/lib/CommonVersion.jar:/Users/Taty/git/vedils_final/appinventor/buildserver/build/run/lib/FastInfoset-1.2.2.jar:/Users/Taty/git/vedils_final/appinventor/buildserver/build/run/lib/activation-1.1.jar:/Users/Taty/git/vedils_final/appinventor/buildserver/build/run/lib/args4j-2.0.18.jar:/Users/Taty/git/vedils_final/appinventor/buildserver/build/run/lib/asm-3.1.jar:/Users/Taty/git/vedils_final/appinventor/buildserver/build/run/lib/bcpkix-jdk15on-149.jar:/Users/Taty/git/vedils_final/appinventor/buildserver/build/run/lib/bcprov-jdk15on-149.jar:/Users/Taty/git/vedils_final/appinventor/buildserver/build/run/lib/commons-io-2.0.1.jar:/Users/Taty/git/vedils_final/appinventor/buildserver/build/run/lib/grizzly-servlet-webserver-1.9.18-i.jar:/Users/Taty/git/vedils_final/appinventor/buildserver/build/run/lib/guava-14.0.1.jar:/Users/Taty/git/vedils_final/appinventor/buildserver/build/run/lib/http-20070405.jar:/Users/Taty/git/vedils_final/appinventor/buildserver/build/run/lib/jackson-core-asl-1.9.4.jar:/Users/Taty/git/vedils_final/appinventor/buildserver/build/run/lib/jaxb-api-2.1.jar:/Users/Taty/git/vedils_final/appinventor/buildserver/build/run/lib/jaxb-impl-2.1.10.jar:/Users/Taty/git/vedils_final/appinventor/buildserver/build/run/lib/jaxb-xjc.jar:/Users/Taty/git/vedils_final/appinventor/buildserver/build/run/lib/jdom-1.0.jar:/Users/Taty/git/vedils_final/appinventor/buildserver/build/run/lib/jersey-bundle-1.3.jar:/Users/Taty/git/vedils_final/appinventor/buildserver/build/run/lib/jersey-multipart-1.3.jar:/Users/Taty/git/vedils_final/appinventor/buildserver/build/run/lib/jettison-1.1.jar:/Users/Taty/git/vedils_final/appinventor/buildserver/build/run/lib/json.jar:/Users/Taty/git/vedils_final/appinventor/buildserver/build/run/lib/jsr311-api-1.1.1.jar:/Users/Taty/git/vedils_final/appinventor/buildserver/build/run/lib/localizer.jar:/Users/Taty/git/vedils_final/appinventor/buildserver/build/run/lib/mail-1.4.jar:/Users/Taty/git/vedils_final/appinventor/buildserver/build/run/lib/rome-0.9.jar:/Users/Taty/git/vedils_final/appinventor/buildserver/build/run/lib/sdklib.jar:/Users/Taty/git/vedils_final/appinventor/buildserver/build/run/lib/stax-api-1.0-2.jar:/Users/Taty/git/vedils_final/appinventor/buildserver/build/run/lib/wadl-cmdline.jar:/Users/Taty/git/vedils_final/appinventor/buildserver/build/run/lib/wadl-core.jar:/Users/Taty/git/vedils_final/appinventor/buildserver/build/run/lib/wadl2java.jar:/Users/Taty/git/vedils_final/appinventor/build/common/CommonTestUtils.jar:/Users/Taty/git/vedils_final/appinventor/build/components/AndroidRuntime.jar:/Users/Taty/git/vedils_final/appinventor/lib/kawa/kawa-1.11-modified.jar:/Users/Taty/git/vedils_final/appinventor/lib/guava/guava-14.0.1.jar:/Users/Taty/git/vedils_final/appinventor/lib/commons-io/commons-io-2.0.1.jar:/Users/Taty/git/vedils_final/appinventor/lib/json/json.jar:/Users/Taty/git/vedils_final/appinventor/lib/junit/junit-4.8.2.jar:/Users/Taty/git/vedils_final/appinventor/buildserver/build/BuildServerTests.jar:/usr/local/Cellar/ant/1.9.4/libexec/lib/ant-launcher.jar:/usr/local/Cellar/ant/1.9.4/libexec/lib/ant.jar:/usr/local/Cellar/ant/1.9.4/libexec/lib/ant-junit.jar:/usr/local/Cellar/ant/1.9.4/libexec/lib/ant-junit4.jar" />
    <property name="ant.version" value="Apache Ant(TM) version 1.9.4 compiled on April 29 2014" />
    <property name="ant.file.type.CommonDefinitions" value="file" />
    <property name="ant.file.CommonDefinitions" value="/Users/Taty/git/vedils_final/appinventor/build-common.xml" />
    <property name="java.vm.specification.name" value="Java Virtual Machine Specification" />
    <property name="ant.file.type" value="file" />
    <property name="java.vm.specification.version" value="1.7" />
    <property name="sun.os.patch.level" value="unknown" />
    <property name="sun.cpu.endian" value="little" />
    <property name="test_name.class" value="${test_name}" />
    <property name="java.io.tmpdir" value="/var/folders/m5/2tl56jr57t9b134g3c68r5rr0000gn/T/" />
    <property name="java.vendor.url.bug" value="http://bugreport.sun.com/bugreport/" />
    <property name="local.lib.dir" value="/Users/Taty/git/vedils_final/appinventor/buildserver/lib" />
    <property name="BuildServer-class.dir" value="/Users/Taty/git/vedils_final/appinventor/buildserver/build/classes/BuildServer" />
    <property name="os.arch" value="x86_64" />
    <property name="java.awt.graphicsenv" value="sun.awt.CGraphicsEnvironment" />
    <property name="java.ext.dirs" value="/Users/Taty/Library/Java/Extensions:/Library/Java/JavaVirtualMachines/jdk1.7.0_25.jdk/Contents/Home/jre/lib/ext:/Library/Java/Extensions:/Network/Library/Java/Extensions:/System/Library/Java/Extensions:/usr/lib/java" />
    <property name="tests.dir" value="/Users/Taty/git/vedils_final/appinventor/buildserver/tests" />
    <property name="user.dir" value="/Users/Taty/git/vedils_final/appinventor" />
    <property name="line.separator" value="&#xa;" />
    <property name="java.vm.name" value="Java HotSpot(TM) 64-Bit Server VM" />
    <property name="basedir" value="/Users/Taty/git/vedils_final/appinventor/buildserver" />
    <property name="local.build.dir" value="/Users/Taty/git/vedils_final/appinventor/buildserver/build" />
    <property name="ant.java.version" value="1.7" />
    <property name="ant.core.lib" value="/usr/local/Cellar/ant/1.9.4/libexec/lib/ant.jar" />
    <property name="file.encoding" value="UTF-8" />
    <property name="java.specification.version" value="1.7" />
    <property name="src.dir" value="/Users/Taty/git/vedils_final/appinventor/buildserver/src" />
    <property name="ant.project.invoked-targets" value="tests" />
    <property name="run.lib.dir" value="/Users/Taty/git/vedils_final/appinventor/buildserver/build/run/lib" />
  </properties>
  <testcase classname="com.google.appinventor.buildserver.YailEvalTest" name="testDefOfVariable" time="1.967" />
  <testcase classname="com.google.appinventor.buildserver.YailEvalTest" name="testDefOfProcedure" time="0.853" />
  <testcase classname="com.google.appinventor.buildserver.YailEvalTest" name="testTailRecursion" time="0.95" />
  <testcase classname="com.google.appinventor.buildserver.YailEvalTest" name="testLookupInPairs1" time="0.782" />
  <testcase classname="com.google.appinventor.buildserver.YailEvalTest" name="testLookupInPairs2" time="0.619" />
  <testcase classname="com.google.appinventor.buildserver.YailEvalTest" name="testIsNumber" time="0.58" />
  <testcase classname="com.google.appinventor.buildserver.YailEvalTest" name="testCallCoercions" time="0.664" />
  <testcase classname="com.google.appinventor.buildserver.YailEvalTest" name="testDecimalReaderRoundoff" time="0.527" />
  <testcase classname="com.google.appinventor.buildserver.YailEvalTest" name="testTypedCoercions" time="0.508" />
  <testcase classname="com.google.appinventor.buildserver.YailEvalTest" name="testNonCoercibleValues" time="0.488" />
  <testcase classname="com.google.appinventor.buildserver.YailEvalTest" name="testCoercionFailureOnProcedureCall" time="0.447" />
  <testcase classname="com.google.appinventor.buildserver.YailEvalTest" name="testCoercionFailureOnPropertySet" time="0.617" />
  <testcase classname="com.google.appinventor.buildserver.YailEvalTest" name="testYailEqual" time="0.489" />
  <testcase classname="com.google.appinventor.buildserver.YailEvalTest" name="testYailNotEqual" time="0.455" />
  <testcase classname="com.google.appinventor.buildserver.YailEvalTest" name="testYailIsInList" time="0.494" />
  <testcase classname="com.google.appinventor.buildserver.YailEvalTest" name="testYailWhile" time="0.429" />
  <testcase classname="com.google.appinventor.buildserver.YailEvalTest" name="testYailAnd" time="0.825" />
  <testcase classname="com.google.appinventor.buildserver.YailEvalTest" name="testYailAndShortCircuit" time="0.446" />
  <testcase classname="com.google.appinventor.buildserver.YailEvalTest" name="testYailOr" time="0.493" />
  <testcase classname="com.google.appinventor.buildserver.YailEvalTest" name="testYailOrShortCircuit" time="0.5" />
  <testcase classname="com.google.appinventor.buildserver.YailEvalTest" name="testListGroup1" time="0.524" />
  <testcase classname="com.google.appinventor.buildserver.YailEvalTest" name="testListGroup2" time="0.835" />
  <testcase classname="com.google.appinventor.buildserver.YailEvalTest" name="testListGroup3" time="0.493" />
  <testcase classname="com.google.appinventor.buildserver.YailEvalTest" name="testListGroup4" time="0.502" />
  <testcase classname="com.google.appinventor.buildserver.YailEvalTest" name="testListGroup5" time="0.482" />
  <testcase classname="com.google.appinventor.buildserver.YailEvalTest" name="testForRange" time="0.526" />
  <testcase classname="com.google.appinventor.buildserver.YailEvalTest" name="testForRangeDecreasing" time="0.928" />
  <testcase classname="com.google.appinventor.buildserver.YailEvalTest" name="testForRangeConversion" time="0.486" />
  <testcase classname="com.google.appinventor.buildserver.YailEvalTest" name="testForRangeEmpty" time="0.526" />
  <testcase classname="com.google.appinventor.buildserver.YailEvalTest" name="testForRangeConversionErrorOnStartArg" time="0.487" />
  <testcase classname="com.google.appinventor.buildserver.YailEvalTest" name="testForRangeConversionErrorOnEndArg" time="0.564" />
  <testcase classname="com.google.appinventor.buildserver.YailEvalTest" name="testForRangeConversionErrorOnStepArg" time="0.904" />
  <testcase classname="com.google.appinventor.buildserver.YailEvalTest" name="testAListLookup1" time="0.502" />
  <testcase classname="com.google.appinventor.buildserver.YailEvalTest" name="testAListLookup2" time="0.535" />
  <testcase classname="com.google.appinventor.buildserver.YailEvalTest" name="testAListLookup3" time="0.605" />
  <testcase classname="com.google.appinventor.buildserver.YailEvalTest" name="testAListLookup4" time="0.552" />
  <testcase classname="com.google.appinventor.buildserver.YailEvalTest" name="testListInsertionMiddle" time="1.301" />
  <testcase classname="com.google.appinventor.buildserver.YailEvalTest" name="testListInsertionBeginning" time="0.584" />
  <testcase classname="com.google.appinventor.buildserver.YailEvalTest" name="testListInsertionEnd" time="0.836" />
  <testcase classname="com.google.appinventor.buildserver.YailEvalTest" name="testListInsertionError" time="0.82" />
  <testcase classname="com.google.appinventor.buildserver.YailEvalTest" name="testListGroupErrorConditions" time="0.776" />
  <testcase classname="com.google.appinventor.buildserver.YailEvalTest" name="testStringAppend" time="1.738" />
  <testcase classname="com.google.appinventor.buildserver.YailEvalTest" name="testStringStartsAt" time="0.803" />
  <testcase classname="com.google.appinventor.buildserver.YailEvalTest" name="testStringContains" time="0.665" />
  <testcase classname="com.google.appinventor.buildserver.YailEvalTest" name="testStringSplit" time="0.85" />
  <testcase classname="com.google.appinventor.buildserver.YailEvalTest" name="testStringSubstring" time="0.674" />
  <testcase classname="com.google.appinventor.buildserver.YailEvalTest" name="testStringTest1" time="1.328" />
  <testcase classname="com.google.appinventor.buildserver.YailEvalTest" name="testStringToUpperCaseForConstant" time="0.885" />
  <testcase classname="com.google.appinventor.buildserver.YailEvalTest" name="testStringToUpperCaseForExpression" time="1.53" />
  <testcase classname="com.google.appinventor.buildserver.YailEvalTest" name="testStringToLowerCaseForConstant" time="1.039" />
  <testcase classname="com.google.appinventor.buildserver.YailEvalTest" name="testStringToLowerCaseForExpression" time="2.02" />
  <testcase classname="com.google.appinventor.buildserver.YailEvalTest" name="testStringReplace" time="0.75" />
  <testcase classname="com.google.appinventor.buildserver.YailEvalTest" name="testStringIsEmpty" time="0.719" />
  <testcase classname="com.google.appinventor.buildserver.YailEvalTest" name="testMathsConvert" time="0.652" />
  <testcase classname="com.google.appinventor.buildserver.YailEvalTest" name="testMathsConvert2" time="0.752" />
  <testcase classname="com.google.appinventor.buildserver.YailEvalTest" name="testRoundToIntegerGroup" time="1.792" />
  <testcase classname="com.google.appinventor.buildserver.YailEvalTest" name="testRandomIntegerAvoidError" time="0.861" />
  <testcase classname="com.google.appinventor.buildserver.YailEvalTest" name="testSine" time="0.81" />
  <testcase classname="com.google.appinventor.buildserver.YailEvalTest" name="testCosine" time="0.724" />
  <testcase classname="com.google.appinventor.buildserver.YailEvalTest" name="testTangent" time="0.786" />
  <testcase classname="com.google.appinventor.buildserver.YailEvalTest" name="testAsin" time="0.887" />
  <testcase classname="com.google.appinventor.buildserver.YailEvalTest" name="testAcos" time="1.71" />
  <testcase classname="com.google.appinventor.buildserver.YailEvalTest" name="testAtan" time="0.826" />
  <testcase classname="com.google.appinventor.buildserver.YailEvalTest" name="testDegreesToRadians" time="0.842" />
  <testcase classname="com.google.appinventor.buildserver.YailEvalTest" name="testRadiansToDegrees" time="0.824" />
  <testcase classname="com.google.appinventor.buildserver.YailEvalTest" name="testAtan2" time="1.936" />
  <testcase classname="com.google.appinventor.buildserver.YailEvalTest" name="testIntegerDivison" time="0.966" />
  <testcase classname="com.google.appinventor.buildserver.YailEvalTest" name="testConvertToStrings" time="0.808" />
  <testcase classname="com.google.appinventor.buildserver.YailEvalTest" name="testMakeColor" time="0.835" />
  <testcase classname="com.google.appinventor.buildserver.YailEvalTest" name="testSplitColor" time="0.79" />
  <testcase classname="com.google.appinventor.buildserver.YailEvalTest" name="testExptWithSanitizedDouble" time="1.934" />
  <testcase classname="com.google.appinventor.buildserver.YailEvalTest" name="testCoerceToStringWithSanitizedFloatZero" time="0.827" />
  <testcase classname="com.google.appinventor.buildserver.YailEvalTest" name="testCoerceToStringWithSanitizedDoubleZero" time="0.9" />
  <testcase classname="com.google.appinventor.buildserver.YailEvalTest" name="testFormatAsDecimalError" time="0.816" />
  <testcase classname="com.google.appinventor.buildserver.YailEvalTest" name="testBasicKawaEval" time="0.906" />
  <testcase classname="com.google.appinventor.buildserver.YailEvalTest" name="testRandomIntegerSameArgs" time="2.313" />
  <testcase classname="com.google.appinventor.buildserver.YailEvalTest" name="testFormatAsDecimal" time="0.898" />
  <system-out><![CDATA[]]></system-out>
  <system-err><![CDATA[]]></system-err>
</testsuite>
