<?xml version="1.0" encoding="UTF-8" ?>
<testsuite errors="0" failures="0" hostname="MacBook-Air-de-Tatiana.local" name="com.google.appinventor.server.storage.ObjectifyStorageIoTest" skipped="0" tests="20" time="2.234" timestamp="2016-06-19T15:49:24">
  <properties>
    <property name="java.vendor" value="Oracle Corporation" />
    <property name="lib.dir" value="/Users/Taty/git/vedils_final/appinventor/lib" />
    <property name="ant.file.appengine" value="/Users/Taty/git/vedils_final/appinventor/appengine/build.xml" />
    <property name="sun.java.launcher" value="SUN_STANDARD" />
    <property name="sun.management.compiler" value="HotSpot 64-Bit Tiered Compilers" />
    <property name="docs.dir" value="/Users/Taty/git/vedils_final/appinventor/docs" />
    <property name="AiServerLib-class.dir" value="/Users/Taty/git/vedils_final/appinventor/appengine/build/classes/AiServerLib" />
    <property name="os.name" value="Mac OS X" />
    <property name="sun.boot.class.path" value="/Library/Java/JavaVirtualMachines/jdk1.7.0_25.jdk/Contents/Home/jre/lib/resources.jar:/Library/Java/JavaVirtualMachines/jdk1.7.0_25.jdk/Contents/Home/jre/lib/rt.jar:/Library/Java/JavaVirtualMachines/jdk1.7.0_25.jdk/Contents/Home/jre/lib/sunrsasign.jar:/Library/Java/JavaVirtualMachines/jdk1.7.0_25.jdk/Contents/Home/jre/lib/jsse.jar:/Library/Java/JavaVirtualMachines/jdk1.7.0_25.jdk/Contents/Home/jre/lib/jce.jar:/Library/Java/JavaVirtualMachines/jdk1.7.0_25.jdk/Contents/Home/jre/lib/charsets.jar:/Library/Java/JavaVirtualMachines/jdk1.7.0_25.jdk/Contents/Home/jre/lib/jfr.jar:/Library/Java/JavaVirtualMachines/jdk1.7.0_25.jdk/Contents/Home/jre/lib/JObjC.jar:/Library/Java/JavaVirtualMachines/jdk1.7.0_25.jdk/Contents/Home/jre/classes" />
    <property name="gwt.sdk" value="/Users/Taty/git/vedils_final/appinventor/lib/gwt/2.7" />
    <property name="java.vm.specification.vendor" value="Oracle Corporation" />
    <property name="ant.home" value="/usr/local/Cellar/ant/1.9.4/libexec" />
    <property name="java.runtime.version" value="1.7.0_25-b15" />
    <property name="user.name" value="Taty" />
    <property name="public.build.dir" value="/Users/Taty/git/vedils_final/appinventor/build/appengine" />
    <property name="debug" value="true" />
    <property name="ant.file.type.appengine" value="file" />
    <property name="build.dir" value="/Users/Taty/git/vedils_final/appinventor/build" />
    <property name="appinventor.dir" value="/Users/Taty/git/vedils_final/appinventor" />
    <property name="user.language" value="es" />
    <property name="class.dir" value="/Users/Taty/git/vedils_final/appinventor/appengine/build/classes" />
    <property name="sun.boot.library.path" value="/Library/Java/JavaVirtualMachines/jdk1.7.0_25.jdk/Contents/Home/jre/lib" />
    <property name="reports.dir" value="/Users/Taty/git/vedils_final/appinventor/appengine/reports" />
    <property name="ant.project.default-target" value="all" />
    <property name="build.war.dir" value="/Users/Taty/git/vedils_final/appinventor/appengine/build/war" />
    <property name="ant.project.name" value="appengine" />
    <property name="java.version" value="1.7.0_25" />
    <property name="user.timezone" value="" />
    <property name="sun.arch.data.model" value="64" />
    <property name="http.nonProxyHosts" value="local|*.local|169.254/16|*.169.254/16" />
    <property name="java.endorsed.dirs" value="/Library/Java/JavaVirtualMachines/jdk1.7.0_25.jdk/Contents/Home/jre/lib/endorsed" />
    <property name="sun.cpu.isalist" value="" />
    <property name="sun.jnu.encoding" value="UTF-8" />
    <property name="file.encoding.pkg" value="sun.io" />
    <property name="AiSharedLib-class.dir" value="/Users/Taty/git/vedils_final/appinventor/appengine/build/classes/AiSharedLib" />
    <property name="appengine.sdk" value="/Users/Taty/git/vedils_final/appinventor/lib/appengine/appengine-java-sdk-1.9.17" />
    <property name="file.separator" value="/" />
    <property name="java.specification.name" value="Java Platform API Specification" />
    <property name="java.class.version" value="51.0" />
    <property name="user.country" value="ES" />
    <property name="java.home" value="/Library/Java/JavaVirtualMachines/jdk1.7.0_25.jdk/Contents/Home/jre" />
    <property name="ant.file.AllProjects" value="/Users/Taty/git/vedils_final/appinventor/build.xml" />
    <property name="java.vm.info" value="mixed mode" />
    <property name="ant.file" value="/Users/Taty/git/vedils_final/appinventor/appengine/build.xml" />
    <property name="os.version" value="10.11.3" />
    <property name="path.separator" value=":" />
    <property name="java.vm.version" value="23.25-b01" />
    <property name="ant.library.dir" value="/usr/local/Cellar/ant/1.9.4/libexec/lib" />
    <property name="ant.file.type.AllProjects" value="file" />
    <property name="java.awt.printerjob" value="sun.lwawt.macosx.CPrinterJob" />
    <property name="sun.io.unicode.encoding" value="UnicodeBig" />
    <property name="awt.toolkit" value="sun.lwawt.macosx.LWCToolkit" />
    <property name="socksNonProxyHosts" value="local|*.local|169.254/16|*.169.254/16" />
    <property name="debug.compile" value="true" />
    <property name="ftp.nonProxyHosts" value="local|*.local|169.254/16|*.169.254/16" />
    <property name="user.home" value="/Users/Taty" />
    <property name="appinventor.pkg" value="com/google/appinventor" />
    <property name="java.specification.vendor" value="Oracle Corporation" />
    <property name="java.library.path" value="/Users/Taty/Library/Java/Extensions:/Library/Java/Extensions:/Network/Library/Java/Extensions:/System/Library/Java/Extensions:/usr/lib/java:." />
    <property name="java.vendor.url" value="http://java.oracle.com/" />
    <property name="java.vm.vendor" value="Oracle Corporation" />
    <property name="gopherProxySet" value="false" />
    <property name="java.runtime.name" value="Java(TM) SE Runtime Environment" />
    <property name="sun.java.command" value="org.apache.tools.ant.taskdefs.optional.junit.JUnitTestRunner com.google.appinventor.server.storage.ObjectifyStorageIoTest skipNonTests=false filtertrace=true haltOnError=false haltOnFailure=false formatter=org.apache.tools.ant.taskdefs.optional.junit.SummaryJUnitResultFormatter showoutput=false outputtoformatters=true logfailedtests=true threadid=0 logtestlistenerevents=false formatter=org.apache.tools.ant.taskdefs.optional.junit.XMLJUnitResultFormatter,/Users/Taty/git/vedils_final/appinventor/appengine/reports/raw/TEST-com.google.appinventor.server.storage.ObjectifyStorageIoTest.xml crashfile=/Users/Taty/git/vedils_final/appinventor/appengine/junitvmwatcher7719626684803396339.properties propsfile=/Users/Taty/git/vedils_final/appinventor/appengine/junit5863939561557605574.properties" />
    <property name="java.class.path" value="/Users/Taty/git/vedils_final/appinventor/appengine/build/AiServerLib.jar:/Users/Taty/git/vedils_final/appinventor/appengine/build/AiSharedLib.jar:/Users/Taty/git/vedils_final/appinventor/build/common/CommonUtils.jar:/Users/Taty/git/vedils_final/appinventor/build/common/CommonTestUtils.jar:/Users/Taty/git/vedils_final/appinventor/build/common/CommonVersion.jar:/Users/Taty/git/vedils_final/appinventor/build/components/CommonConstants.jar:/Users/Taty/git/vedils_final/appinventor/lib/guava/guava-18.0.jar:/Users/Taty/git/vedils_final/appinventor/lib/json/json.jar:/Users/Taty/git/vedils_final/appinventor/lib/junit/junit-4.8.2.jar:/Users/Taty/git/vedils_final/appinventor/lib/junit-addons/junit-addons-1.4.jar:/Users/Taty/git/vedils_final/appinventor/lib/keyczar/KeyczarTool.jar:/Users/Taty/git/vedils_final/appinventor/lib/objectify-3.1/objectify-3.1.jar:/Users/Taty/git/vedils_final/appinventor/lib/powermock/cglib-nodep-2.2.jar:/Users/Taty/git/vedils_final/appinventor/lib/powermock/easymock-3.0.jar:/Users/Taty/git/vedils_final/appinventor/lib/powermock/javassist-3.18.0-GA.jar:/Users/Taty/git/vedils_final/appinventor/lib/powermock/objenesis-1.2.jar:/Users/Taty/git/vedils_final/appinventor/lib/powermock/powermock-easymock-1.4.10-full.jar:/Users/Taty/git/vedils_final/appinventor/lib/responder-iq/responderiq-test.jar:/Users/Taty/git/vedils_final/appinventor/lib/gcs/appengine-gcs-client-0.4.3.jar:/Users/Taty/git/vedils_final/appinventor/lib/gwt/2.7/gwt-servlet.jar:/Users/Taty/git/vedils_final/appinventor/lib/gwt/2.7/gwt-user.jar:/Users/Taty/git/vedils_final/appinventor/lib/appengine/appengine-java-sdk-1.9.17/lib/impl/appengine-api.jar:/Users/Taty/git/vedils_final/appinventor/lib/appengine/appengine-java-sdk-1.9.17/lib/impl/appengine-api-labs.jar:/Users/Taty/git/vedils_final/appinventor/lib/appengine/appengine-java-sdk-1.9.17/lib/impl/appengine-api-stubs.jar:/Users/Taty/git/vedils_final/appinventor/lib/appengine/appengine-java-sdk-1.9.17/lib/testing/appengine-testing.jar:/Users/Taty/git/vedils_final/appinventor/lib/appengine/appengine-java-sdk-1.9.17/lib/user/orm/geronimo-jpa_3.0_spec-1.1.1.jar:/Users/Taty/git/vedils_final/appinventor/lib/la4ai/la4ai.jar:/Users/Taty/git/vedils_final/appinventor/appengine/build/AiServerLibTests.jar:/usr/local/Cellar/ant/1.9.4/libexec/lib/ant-launcher.jar:/usr/local/Cellar/ant/1.9.4/libexec/lib/ant.jar:/usr/local/Cellar/ant/1.9.4/libexec/lib/ant-junit.jar:/usr/local/Cellar/ant/1.9.4/libexec/lib/ant-junit4.jar" />
    <property name="ant.version" value="Apache Ant(TM) version 1.9.4 compiled on April 29 2014" />
    <property name="keystore.present" value="true" />
    <property name="ant.file.type.CommonDefinitions" value="file" />
    <property name="ant.file.CommonDefinitions" value="/Users/Taty/git/vedils_final/appinventor/build-common.xml" />
    <property name="java.vm.specification.name" value="Java Virtual Machine Specification" />
    <property name="ant.file.type" value="file" />
    <property name="java.vm.specification.version" value="1.7" />
    <property name="sun.os.patch.level" value="unknown" />
    <property name="sun.cpu.endian" value="little" />
    <property name="test_name.class" value="${test_name}" />
    <property name="java.io.tmpdir" value="/var/folders/m5/2tl56jr57t9b134g3c68r5rr0000gn/T/" />
    <property name="java.vendor.url.bug" value="http://bugreport.sun.com/bugreport/" />
    <property name="os.arch" value="x86_64" />
    <property name="java.awt.graphicsenv" value="sun.awt.CGraphicsEnvironment" />
    <property name="java.ext.dirs" value="/Users/Taty/Library/Java/Extensions:/Library/Java/JavaVirtualMachines/jdk1.7.0_25.jdk/Contents/Home/jre/lib/ext:/Library/Java/Extensions:/Network/Library/Java/Extensions:/System/Library/Java/Extensions:/usr/lib/java" />
    <property name="tests.dir" value="/Users/Taty/git/vedils_final/appinventor/appengine/tests" />
    <property name="user.dir" value="/Users/Taty/git/vedils_final/appinventor" />
    <property name="line.separator" value="&#xa;" />
    <property name="java.vm.name" value="Java HotSpot(TM) 64-Bit Server VM" />
    <property name="org.apache.tools.ant.taskdefs.optional.junit.AggregateTransformer1" value="/var/folders/m5/2tl56jr57t9b134g3c68r5rr0000gn/T/null1669501254" />
    <property name="org.apache.tools.ant.taskdefs.optional.junit.AggregateTransformer0" value="/var/folders/m5/2tl56jr57t9b134g3c68r5rr0000gn/T/null1135196023" />
    <property name="guid1" value="c36542c3-f19f-4c4c-9ab1-14651bcf471a" />
    <property name="basedir" value="/Users/Taty/git/vedils_final/appinventor/appengine" />
    <property name="local.build.dir" value="/Users/Taty/git/vedils_final/appinventor/appengine/build" />
    <property name="ant.java.version" value="1.7" />
    <property name="ant.core.lib" value="/usr/local/Cellar/ant/1.9.4/libexec/lib/ant.jar" />
    <property name="file.encoding" value="UTF-8" />
    <property name="XstartOnFirstThread" value="-XstartOnFirstThread" />
    <property name="java.specification.version" value="1.7" />
    <property name="src.dir" value="/Users/Taty/git/vedils_final/appinventor/appengine/src" />
    <property name="ant.project.invoked-targets" value="tests" />
  </properties>
  <testcase classname="com.google.appinventor.server.storage.ObjectifyStorageIoTest" name="testGetUser" time="1.0" />
  <testcase classname="com.google.appinventor.server.storage.ObjectifyStorageIoTest" name="testSetTosAccepted" time="0.04" />
  <testcase classname="com.google.appinventor.server.storage.ObjectifyStorageIoTest" name="testLoadSettingsNewUser" time="0.022" />
  <testcase classname="com.google.appinventor.server.storage.ObjectifyStorageIoTest" name="testStoreLoadSettings" time="0.036" />
  <testcase classname="com.google.appinventor.server.storage.ObjectifyStorageIoTest" name="testCreateProjectSuccessful" time="0.151" />
  <testcase classname="com.google.appinventor.server.storage.ObjectifyStorageIoTest" name="testCreateProjectFailFirst" time="0.031" />
  <testcase classname="com.google.appinventor.server.storage.ObjectifyStorageIoTest" name="testCreateProjectFailSecond" time="0.065" />
  <testcase classname="com.google.appinventor.server.storage.ObjectifyStorageIoTest" name="testUploadBeforeAdd" time="0.038" />
  <testcase classname="com.google.appinventor.server.storage.ObjectifyStorageIoTest" name="testUploadUserFileBeforeAdd" time="0.023" />
  <testcase classname="com.google.appinventor.server.storage.ObjectifyStorageIoTest" name="testMuliRoleFile" time="0.043" />
  <testcase classname="com.google.appinventor.server.storage.ObjectifyStorageIoTest" name="testUpdateModificationTime" time="0.133" />
  <testcase classname="com.google.appinventor.server.storage.ObjectifyStorageIoTest" name="testAddRemoveFile" time="0.112" />
  <testcase classname="com.google.appinventor.server.storage.ObjectifyStorageIoTest" name="testAddRemoveUserFile" time="0.053" />
  <testcase classname="com.google.appinventor.server.storage.ObjectifyStorageIoTest" name="testBlobFiles" time="0.137" />
  <testcase classname="com.google.appinventor.server.storage.ObjectifyStorageIoTest" name="testUnsupportedEncoding" time="0.072" />
  <testcase classname="com.google.appinventor.server.storage.ObjectifyStorageIoTest" name="testUnsupportedEncodingUserFIle" time="0.032" />
  <testcase classname="com.google.appinventor.server.storage.ObjectifyStorageIoTest" name="testOldBlockFilesInDatastoreStillWork" time="0.054" />
  <testcase classname="com.google.appinventor.server.storage.ObjectifyStorageIoTest" name="testGetProject" time="0.027" />
  <testcase classname="com.google.appinventor.server.storage.ObjectifyStorageIoTest" name="testGetProject_withNonexistentProject" time="0.029" />
  <testcase classname="com.google.appinventor.server.storage.ObjectifyStorageIoTest" name="testWrongUserThrowsException" time="0.083" />
  <system-out><![CDATA[]]></system-out>
  <system-err><![CDATA[jun 19, 2016 3:49:25 PM com.google.appinventor.server.storage.ObjectifyStorageIo <clinit>
INFO: Default GCS Bucket Configured from App Identity: app_default_bucket
jun 19, 2016 3:49:25 PM com.google.appinventor.server.storage.ObjectifyStorageIo <init>
INFO: RetryParams: getInitialRetryDelayMillis() = 100
jun 19, 2016 3:49:25 PM com.google.appinventor.server.storage.ObjectifyStorageIo <init>
INFO: RetryParams: getRequestTimeoutMillis() = 30000
jun 19, 2016 3:49:25 PM com.google.appinventor.server.storage.ObjectifyStorageIo <init>
INFO: RetryParams: getRetryDelayBackoffFactor() = 2.0
jun 19, 2016 3:49:25 PM com.google.appinventor.server.storage.ObjectifyStorageIo <init>
INFO: RetryParams: getRetryMaxAttempts() = 10
jun 19, 2016 3:49:25 PM com.google.appinventor.server.storage.ObjectifyStorageIo <init>
INFO: RetryParams: getRetryMinAttempts() = 3
jun 19, 2016 3:49:25 PM com.google.appinventor.server.storage.ObjectifyStorageIo <init>
INFO: RetryParams: getTotalRetryPeriodMillis() = 10000
jun 19, 2016 3:49:25 PM com.google.appengine.api.datastore.dev.LocalDatastoreService init
INFO: Local Datastore initialized: 
	Type: Master/Slave
	Storage: In-memory
jun 19, 2016 3:49:25 PM com.google.appinventor.server.storage.ObjectifyStorageIo$1 run
INFO: Did not find userId 500
jun 19, 2016 3:49:26 PM com.google.appinventor.server.storage.ObjectifyStorageIo <init>
INFO: RetryParams: getInitialRetryDelayMillis() = 100
jun 19, 2016 3:49:26 PM com.google.appinventor.server.storage.ObjectifyStorageIo <init>
INFO: RetryParams: getRequestTimeoutMillis() = 30000
jun 19, 2016 3:49:26 PM com.google.appinventor.server.storage.ObjectifyStorageIo <init>
INFO: RetryParams: getRetryDelayBackoffFactor() = 2.0
jun 19, 2016 3:49:26 PM com.google.appinventor.server.storage.ObjectifyStorageIo <init>
INFO: RetryParams: getRetryMaxAttempts() = 10
jun 19, 2016 3:49:26 PM com.google.appinventor.server.storage.ObjectifyStorageIo <init>
INFO: RetryParams: getRetryMinAttempts() = 3
jun 19, 2016 3:49:26 PM com.google.appinventor.server.storage.ObjectifyStorageIo <init>
INFO: RetryParams: getTotalRetryPeriodMillis() = 10000
jun 19, 2016 3:49:26 PM com.google.appengine.api.datastore.dev.LocalDatastoreService init
INFO: Local Datastore initialized: 
	Type: Master/Slave
	Storage: In-memory
jun 19, 2016 3:49:26 PM com.google.appinventor.server.storage.ObjectifyStorageIo$1 run
INFO: Did not find userId 100
jun 19, 2016 3:49:26 PM com.google.appinventor.server.storage.ObjectifyStorageIo <init>
INFO: RetryParams: getInitialRetryDelayMillis() = 100
jun 19, 2016 3:49:26 PM com.google.appinventor.server.storage.ObjectifyStorageIo <init>
INFO: RetryParams: getRequestTimeoutMillis() = 30000
jun 19, 2016 3:49:26 PM com.google.appinventor.server.storage.ObjectifyStorageIo <init>
INFO: RetryParams: getRetryDelayBackoffFactor() = 2.0
jun 19, 2016 3:49:26 PM com.google.appinventor.server.storage.ObjectifyStorageIo <init>
INFO: RetryParams: getRetryMaxAttempts() = 10
jun 19, 2016 3:49:26 PM com.google.appinventor.server.storage.ObjectifyStorageIo <init>
INFO: RetryParams: getRetryMinAttempts() = 3
jun 19, 2016 3:49:26 PM com.google.appinventor.server.storage.ObjectifyStorageIo <init>
INFO: RetryParams: getTotalRetryPeriodMillis() = 10000
jun 19, 2016 3:49:26 PM com.google.appengine.api.datastore.dev.LocalDatastoreService init
INFO: Local Datastore initialized: 
	Type: Master/Slave
	Storage: In-memory
jun 19, 2016 3:49:26 PM com.google.appinventor.server.storage.ObjectifyStorageIo <init>
INFO: RetryParams: getInitialRetryDelayMillis() = 100
jun 19, 2016 3:49:26 PM com.google.appinventor.server.storage.ObjectifyStorageIo <init>
INFO: RetryParams: getRequestTimeoutMillis() = 30000
jun 19, 2016 3:49:26 PM com.google.appinventor.server.storage.ObjectifyStorageIo <init>
INFO: RetryParams: getRetryDelayBackoffFactor() = 2.0
jun 19, 2016 3:49:26 PM com.google.appinventor.server.storage.ObjectifyStorageIo <init>
INFO: RetryParams: getRetryMaxAttempts() = 10
jun 19, 2016 3:49:26 PM com.google.appinventor.server.storage.ObjectifyStorageIo <init>
INFO: RetryParams: getRetryMinAttempts() = 3
jun 19, 2016 3:49:26 PM com.google.appinventor.server.storage.ObjectifyStorageIo <init>
INFO: RetryParams: getTotalRetryPeriodMillis() = 10000
jun 19, 2016 3:49:26 PM com.google.appengine.api.datastore.dev.LocalDatastoreService init
INFO: Local Datastore initialized: 
	Type: Master/Slave
	Storage: In-memory
jun 19, 2016 3:49:26 PM com.google.appinventor.server.storage.ObjectifyStorageIo$1 run
INFO: Did not find userId 300
jun 19, 2016 3:49:26 PM com.google.appinventor.server.storage.ObjectifyStorageIo <init>
INFO: RetryParams: getInitialRetryDelayMillis() = 100
jun 19, 2016 3:49:26 PM com.google.appinventor.server.storage.ObjectifyStorageIo <init>
INFO: RetryParams: getRequestTimeoutMillis() = 30000
jun 19, 2016 3:49:26 PM com.google.appinventor.server.storage.ObjectifyStorageIo <init>
INFO: RetryParams: getRetryDelayBackoffFactor() = 2.0
jun 19, 2016 3:49:26 PM com.google.appinventor.server.storage.ObjectifyStorageIo <init>
INFO: RetryParams: getRetryMaxAttempts() = 10
jun 19, 2016 3:49:26 PM com.google.appinventor.server.storage.ObjectifyStorageIo <init>
INFO: RetryParams: getRetryMinAttempts() = 3
jun 19, 2016 3:49:26 PM com.google.appinventor.server.storage.ObjectifyStorageIo <init>
INFO: RetryParams: getTotalRetryPeriodMillis() = 10000
jun 19, 2016 3:49:26 PM com.google.appengine.api.datastore.dev.LocalDatastoreService init
INFO: Local Datastore initialized: 
	Type: Master/Slave
	Storage: In-memory
jun 19, 2016 3:49:26 PM com.google.appinventor.server.storage.ObjectifyStorageIo$1 run
INFO: Did not find userId 400
jun 19, 2016 3:49:26 PM com.google.appinventor.server.storage.ObjectifyStorageIo <init>
INFO: RetryParams: getInitialRetryDelayMillis() = 100
jun 19, 2016 3:49:26 PM com.google.appinventor.server.storage.ObjectifyStorageIo <init>
INFO: RetryParams: getRequestTimeoutMillis() = 30000
jun 19, 2016 3:49:26 PM com.google.appinventor.server.storage.ObjectifyStorageIo <init>
INFO: RetryParams: getRetryDelayBackoffFactor() = 2.0
jun 19, 2016 3:49:26 PM com.google.appinventor.server.storage.ObjectifyStorageIo <init>
INFO: RetryParams: getRetryMaxAttempts() = 10
jun 19, 2016 3:49:26 PM com.google.appinventor.server.storage.ObjectifyStorageIo <init>
INFO: RetryParams: getRetryMinAttempts() = 3
jun 19, 2016 3:49:26 PM com.google.appinventor.server.storage.ObjectifyStorageIo <init>
INFO: RetryParams: getTotalRetryPeriodMillis() = 10000
jun 19, 2016 3:49:26 PM com.google.appengine.api.datastore.dev.LocalDatastoreService init
INFO: Local Datastore initialized: 
	Type: Master/Slave
	Storage: In-memory
jun 19, 2016 3:49:26 PM com.google.appinventor.server.storage.ObjectifyStorageIo <init>
INFO: RetryParams: getInitialRetryDelayMillis() = 100
jun 19, 2016 3:49:26 PM com.google.appinventor.server.storage.ObjectifyStorageIo <init>
INFO: RetryParams: getRequestTimeoutMillis() = 30000
jun 19, 2016 3:49:26 PM com.google.appinventor.server.storage.ObjectifyStorageIo <init>
INFO: RetryParams: getRetryDelayBackoffFactor() = 2.0
jun 19, 2016 3:49:26 PM com.google.appinventor.server.storage.ObjectifyStorageIo <init>
INFO: RetryParams: getRetryMaxAttempts() = 10
jun 19, 2016 3:49:26 PM com.google.appinventor.server.storage.ObjectifyStorageIo <init>
INFO: RetryParams: getRetryMinAttempts() = 3
jun 19, 2016 3:49:26 PM com.google.appinventor.server.storage.ObjectifyStorageIo <init>
INFO: RetryParams: getTotalRetryPeriodMillis() = 10000
jun 19, 2016 3:49:26 PM com.google.appinventor.server.storage.ObjectifyStorageIo$1 run
INFO: Did not find userId 600
jun 19, 2016 3:49:26 PM com.google.appinventor.server.storage.ObjectifyStorageIo <init>
INFO: RetryParams: getInitialRetryDelayMillis() = 100
jun 19, 2016 3:49:26 PM com.google.appinventor.server.storage.ObjectifyStorageIo <init>
INFO: RetryParams: getRequestTimeoutMillis() = 30000
jun 19, 2016 3:49:26 PM com.google.appinventor.server.storage.ObjectifyStorageIo <init>
INFO: RetryParams: getRetryDelayBackoffFactor() = 2.0
jun 19, 2016 3:49:26 PM com.google.appinventor.server.storage.ObjectifyStorageIo <init>
INFO: RetryParams: getRetryMaxAttempts() = 10
jun 19, 2016 3:49:26 PM com.google.appinventor.server.storage.ObjectifyStorageIo <init>
INFO: RetryParams: getRetryMinAttempts() = 3
jun 19, 2016 3:49:26 PM com.google.appinventor.server.storage.ObjectifyStorageIo <init>
INFO: RetryParams: getTotalRetryPeriodMillis() = 10000
jun 19, 2016 3:49:26 PM com.google.appengine.api.datastore.dev.LocalDatastoreService init
INFO: Local Datastore initialized: 
	Type: Master/Slave
	Storage: In-memory
jun 19, 2016 3:49:26 PM com.google.appinventor.server.storage.ObjectifyStorageIo <init>
INFO: RetryParams: getInitialRetryDelayMillis() = 100
jun 19, 2016 3:49:26 PM com.google.appinventor.server.storage.ObjectifyStorageIo <init>
INFO: RetryParams: getRequestTimeoutMillis() = 30000
jun 19, 2016 3:49:26 PM com.google.appinventor.server.storage.ObjectifyStorageIo <init>
INFO: RetryParams: getRetryDelayBackoffFactor() = 2.0
jun 19, 2016 3:49:26 PM com.google.appinventor.server.storage.ObjectifyStorageIo <init>
INFO: RetryParams: getRetryMaxAttempts() = 10
jun 19, 2016 3:49:26 PM com.google.appinventor.server.storage.ObjectifyStorageIo <init>
INFO: RetryParams: getRetryMinAttempts() = 3
jun 19, 2016 3:49:26 PM com.google.appinventor.server.storage.ObjectifyStorageIo <init>
INFO: RetryParams: getTotalRetryPeriodMillis() = 10000
jun 19, 2016 3:49:26 PM com.google.appinventor.server.storage.ObjectifyStorageIo$1 run
INFO: Did not find userId 700
jun 19, 2016 3:49:26 PM com.google.appinventor.server.CrashReport createAndLogError
SEVERE: com.google.appinventor.server.storage.ObjectifyException: job failed (on purpose): user=700, project=1
build.version=
git.build.version=v1.2-2-g8dd6cf5-dirty

java.lang.RuntimeException: com.google.appinventor.server.storage.ObjectifyException: job failed (on purpose)
	at com.google.appinventor.server.CrashReport.createAndLogError(CrashReport.java:45)
	at com.google.appinventor.server.storage.ObjectifyStorageIo.createProject(ObjectifyStorageIo.java:699)
	at com.google.appinventor.server.storage.ObjectifyStorageIoTest.testCreateProjectFailSecond(ObjectifyStorageIoTest.java:173)
	at sun.reflect.NativeMethodAccessorImpl.invoke0(Native Method)
	at sun.reflect.NativeMethodAccessorImpl.invoke(NativeMethodAccessorImpl.java:57)
	at sun.reflect.DelegatingMethodAccessorImpl.invoke(DelegatingMethodAccessorImpl.java:43)
	at java.lang.reflect.Method.invoke(Method.java:606)
	at junit.framework.TestCase.runTest(TestCase.java:168)
	at junit.framework.TestCase.runBare(TestCase.java:134)
	at junit.framework.TestResult$1.protect(TestResult.java:110)
	at junit.framework.TestResult.runProtected(TestResult.java:128)
	at junit.framework.TestResult.run(TestResult.java:113)
	at junit.framework.TestCase.run(TestCase.java:124)
	at junit.framework.TestSuite.runTest(TestSuite.java:243)
	at junit.framework.TestSuite.run(TestSuite.java:238)
	at org.apache.tools.ant.taskdefs.optional.junit.JUnitTestRunner.run(JUnitTestRunner.java:532)
	at org.apache.tools.ant.taskdefs.optional.junit.JUnitTestRunner.launch(JUnitTestRunner.java:1179)
	at org.apache.tools.ant.taskdefs.optional.junit.JUnitTestRunner.main(JUnitTestRunner.java:1030)
Caused by: com.google.appinventor.server.storage.ObjectifyException: job failed (on purpose)
	at com.google.appinventor.server.storage.ObjectifyStorageIoTest$FailingJobObjectifyStorageIo.runJobWithRetries(ObjectifyStorageIoTest.java:538)
	at com.google.appinventor.server.storage.ObjectifyStorageIo.createProject(ObjectifyStorageIo.java:674)
	... 16 more

jun 19, 2016 3:49:26 PM com.google.appinventor.server.storage.ObjectifyStorageIo <init>
INFO: RetryParams: getInitialRetryDelayMillis() = 100
jun 19, 2016 3:49:26 PM com.google.appinventor.server.storage.ObjectifyStorageIo <init>
INFO: RetryParams: getRequestTimeoutMillis() = 30000
jun 19, 2016 3:49:26 PM com.google.appinventor.server.storage.ObjectifyStorageIo <init>
INFO: RetryParams: getRetryDelayBackoffFactor() = 2.0
jun 19, 2016 3:49:26 PM com.google.appinventor.server.storage.ObjectifyStorageIo <init>
INFO: RetryParams: getRetryMaxAttempts() = 10
jun 19, 2016 3:49:26 PM com.google.appinventor.server.storage.ObjectifyStorageIo <init>
INFO: RetryParams: getRetryMinAttempts() = 3
jun 19, 2016 3:49:26 PM com.google.appinventor.server.storage.ObjectifyStorageIo <init>
INFO: RetryParams: getTotalRetryPeriodMillis() = 10000
jun 19, 2016 3:49:26 PM com.google.appengine.api.datastore.dev.LocalDatastoreService init
INFO: Local Datastore initialized: 
	Type: Master/Slave
	Storage: In-memory
jun 19, 2016 3:49:26 PM com.google.appinventor.server.storage.ObjectifyStorageIo$1 run
INFO: Did not find userId 800
jun 19, 2016 3:49:26 PM com.google.appinventor.server.storage.ObjectifyStorageIo <init>
INFO: RetryParams: getInitialRetryDelayMillis() = 100
jun 19, 2016 3:49:26 PM com.google.appinventor.server.storage.ObjectifyStorageIo <init>
INFO: RetryParams: getRequestTimeoutMillis() = 30000
jun 19, 2016 3:49:26 PM com.google.appinventor.server.storage.ObjectifyStorageIo <init>
INFO: RetryParams: getRetryDelayBackoffFactor() = 2.0
jun 19, 2016 3:49:26 PM com.google.appinventor.server.storage.ObjectifyStorageIo <init>
INFO: RetryParams: getRetryMaxAttempts() = 10
jun 19, 2016 3:49:26 PM com.google.appinventor.server.storage.ObjectifyStorageIo <init>
INFO: RetryParams: getRetryMinAttempts() = 3
jun 19, 2016 3:49:26 PM com.google.appinventor.server.storage.ObjectifyStorageIo <init>
INFO: RetryParams: getTotalRetryPeriodMillis() = 10000
jun 19, 2016 3:49:26 PM com.google.appengine.api.datastore.dev.LocalDatastoreService init
INFO: Local Datastore initialized: 
	Type: Master/Slave
	Storage: In-memory
jun 19, 2016 3:49:26 PM com.google.appinventor.server.storage.ObjectifyStorageIo$1 run
INFO: Did not find userId 900
jun 19, 2016 3:49:26 PM com.google.appinventor.server.storage.ObjectifyStorageIo <init>
INFO: RetryParams: getInitialRetryDelayMillis() = 100
jun 19, 2016 3:49:26 PM com.google.appinventor.server.storage.ObjectifyStorageIo <init>
INFO: RetryParams: getRequestTimeoutMillis() = 30000
jun 19, 2016 3:49:26 PM com.google.appinventor.server.storage.ObjectifyStorageIo <init>
INFO: RetryParams: getRetryDelayBackoffFactor() = 2.0
jun 19, 2016 3:49:26 PM com.google.appinventor.server.storage.ObjectifyStorageIo <init>
INFO: RetryParams: getRetryMaxAttempts() = 10
jun 19, 2016 3:49:26 PM com.google.appinventor.server.storage.ObjectifyStorageIo <init>
INFO: RetryParams: getRetryMinAttempts() = 3
jun 19, 2016 3:49:26 PM com.google.appinventor.server.storage.ObjectifyStorageIo <init>
INFO: RetryParams: getTotalRetryPeriodMillis() = 10000
jun 19, 2016 3:49:26 PM com.google.appengine.api.datastore.dev.LocalDatastoreService init
INFO: Local Datastore initialized: 
	Type: Master/Slave
	Storage: In-memory
jun 19, 2016 3:49:26 PM com.google.appinventor.server.storage.ObjectifyStorageIo$1 run
INFO: Did not find userId 1000
jun 19, 2016 3:49:26 PM com.google.appinventor.server.CrashReport createAndLogError
SEVERE: File role change is not supported: user=null, project=1, file=File1.src
build.version=
git.build.version=v1.2-2-g8dd6cf5-dirty

java.lang.IllegalStateException: File role change is not supported
	at com.google.appinventor.server.storage.ObjectifyStorageIo.createProjectFile(ObjectifyStorageIo.java:1305)
	at com.google.appinventor.server.storage.ObjectifyStorageIo.addFilesToProject(ObjectifyStorageIo.java:1283)
	at com.google.appinventor.server.storage.ObjectifyStorageIo.access$1400(ObjectifyStorageIo.java:103)
	at com.google.appinventor.server.storage.ObjectifyStorageIo$38.run(ObjectifyStorageIo.java:1269)
	at com.google.appinventor.server.storage.ObjectifyStorageIo.runJobWithRetries(ObjectifyStorageIo.java:2420)
	at com.google.appinventor.server.storage.ObjectifyStorageIo.addOutputFilesToProject(ObjectifyStorageIo.java:1266)
	at com.google.appinventor.server.storage.ObjectifyStorageIoTest.testMuliRoleFile(ObjectifyStorageIoTest.java:228)
	at sun.reflect.NativeMethodAccessorImpl.invoke0(Native Method)
	at sun.reflect.NativeMethodAccessorImpl.invoke(NativeMethodAccessorImpl.java:57)
	at sun.reflect.DelegatingMethodAccessorImpl.invoke(DelegatingMethodAccessorImpl.java:43)
	at java.lang.reflect.Method.invoke(Method.java:606)
	at junit.framework.TestCase.runTest(TestCase.java:168)
	at junit.framework.TestCase.runBare(TestCase.java:134)
	at junit.framework.TestResult$1.protect(TestResult.java:110)
	at junit.framework.TestResult.runProtected(TestResult.java:128)
	at junit.framework.TestResult.run(TestResult.java:113)
	at junit.framework.TestCase.run(TestCase.java:124)
	at junit.framework.TestSuite.runTest(TestSuite.java:243)
	at junit.framework.TestSuite.run(TestSuite.java:238)
	at org.apache.tools.ant.taskdefs.optional.junit.JUnitTestRunner.run(JUnitTestRunner.java:532)
	at org.apache.tools.ant.taskdefs.optional.junit.JUnitTestRunner.launch(JUnitTestRunner.java:1179)
	at org.apache.tools.ant.taskdefs.optional.junit.JUnitTestRunner.main(JUnitTestRunner.java:1030)

jun 19, 2016 3:49:26 PM com.google.appinventor.server.CrashReport createAndLogError
SEVERE: File role change is not supported: user=null, project=1, file=File1.src
build.version=
git.build.version=v1.2-2-g8dd6cf5-dirty

java.lang.IllegalStateException: File role change is not supported
	at com.google.appinventor.server.storage.ObjectifyStorageIo.removeFilesFromProject(ObjectifyStorageIo.java:1356)
	at com.google.appinventor.server.storage.ObjectifyStorageIo.access$1500(ObjectifyStorageIo.java:103)
	at com.google.appinventor.server.storage.ObjectifyStorageIo$40.run(ObjectifyStorageIo.java:1335)
	at com.google.appinventor.server.storage.ObjectifyStorageIo.runJobWithRetries(ObjectifyStorageIo.java:2420)
	at com.google.appinventor.server.storage.ObjectifyStorageIo.removeOutputFilesFromProject(ObjectifyStorageIo.java:1332)
	at com.google.appinventor.server.storage.ObjectifyStorageIoTest.testMuliRoleFile(ObjectifyStorageIoTest.java:234)
	at sun.reflect.NativeMethodAccessorImpl.invoke0(Native Method)
	at sun.reflect.NativeMethodAccessorImpl.invoke(NativeMethodAccessorImpl.java:57)
	at sun.reflect.DelegatingMethodAccessorImpl.invoke(DelegatingMethodAccessorImpl.java:43)
	at java.lang.reflect.Method.invoke(Method.java:606)
	at junit.framework.TestCase.runTest(TestCase.java:168)
	at junit.framework.TestCase.runBare(TestCase.java:134)
	at junit.framework.TestResult$1.protect(TestResult.java:110)
	at junit.framework.TestResult.runProtected(TestResult.java:128)
	at junit.framework.TestResult.run(TestResult.java:113)
	at junit.framework.TestCase.run(TestCase.java:124)
	at junit.framework.TestSuite.runTest(TestSuite.java:243)
	at junit.framework.TestSuite.run(TestSuite.java:238)
	at org.apache.tools.ant.taskdefs.optional.junit.JUnitTestRunner.run(JUnitTestRunner.java:532)
	at org.apache.tools.ant.taskdefs.optional.junit.JUnitTestRunner.launch(JUnitTestRunner.java:1179)
	at org.apache.tools.ant.taskdefs.optional.junit.JUnitTestRunner.main(JUnitTestRunner.java:1030)

jun 19, 2016 3:49:26 PM com.google.appinventor.server.storage.ObjectifyStorageIo <init>
INFO: RetryParams: getInitialRetryDelayMillis() = 100
jun 19, 2016 3:49:26 PM com.google.appinventor.server.storage.ObjectifyStorageIo <init>
INFO: RetryParams: getRequestTimeoutMillis() = 30000
jun 19, 2016 3:49:26 PM com.google.appinventor.server.storage.ObjectifyStorageIo <init>
INFO: RetryParams: getRetryDelayBackoffFactor() = 2.0
jun 19, 2016 3:49:26 PM com.google.appinventor.server.storage.ObjectifyStorageIo <init>
INFO: RetryParams: getRetryMaxAttempts() = 10
jun 19, 2016 3:49:26 PM com.google.appinventor.server.storage.ObjectifyStorageIo <init>
INFO: RetryParams: getRetryMinAttempts() = 3
jun 19, 2016 3:49:26 PM com.google.appinventor.server.storage.ObjectifyStorageIo <init>
INFO: RetryParams: getTotalRetryPeriodMillis() = 10000
jun 19, 2016 3:49:26 PM com.google.appengine.api.datastore.dev.LocalDatastoreService init
INFO: Local Datastore initialized: 
	Type: Master/Slave
	Storage: In-memory
jun 19, 2016 3:49:26 PM com.google.appinventor.server.storage.ObjectifyStorageIo$1 run
INFO: Did not find userId 1100
jun 19, 2016 3:49:26 PM com.google.appinventor.server.storage.ObjectifyStorageIo <init>
INFO: RetryParams: getInitialRetryDelayMillis() = 100
jun 19, 2016 3:49:26 PM com.google.appinventor.server.storage.ObjectifyStorageIo <init>
INFO: RetryParams: getRequestTimeoutMillis() = 30000
jun 19, 2016 3:49:26 PM com.google.appinventor.server.storage.ObjectifyStorageIo <init>
INFO: RetryParams: getRetryDelayBackoffFactor() = 2.0
jun 19, 2016 3:49:26 PM com.google.appinventor.server.storage.ObjectifyStorageIo <init>
INFO: RetryParams: getRetryMaxAttempts() = 10
jun 19, 2016 3:49:26 PM com.google.appinventor.server.storage.ObjectifyStorageIo <init>
INFO: RetryParams: getRetryMinAttempts() = 3
jun 19, 2016 3:49:26 PM com.google.appinventor.server.storage.ObjectifyStorageIo <init>
INFO: RetryParams: getTotalRetryPeriodMillis() = 10000
jun 19, 2016 3:49:26 PM com.google.appengine.api.datastore.dev.LocalDatastoreService init
INFO: Local Datastore initialized: 
	Type: Master/Slave
	Storage: In-memory
jun 19, 2016 3:49:26 PM com.google.appinventor.server.storage.ObjectifyStorageIo$1 run
INFO: Did not find userId 1200
jun 19, 2016 3:49:26 PM com.google.appinventor.server.storage.ObjectifyStorageIo <init>
INFO: RetryParams: getInitialRetryDelayMillis() = 100
jun 19, 2016 3:49:26 PM com.google.appinventor.server.storage.ObjectifyStorageIo <init>
INFO: RetryParams: getRequestTimeoutMillis() = 30000
jun 19, 2016 3:49:26 PM com.google.appinventor.server.storage.ObjectifyStorageIo <init>
INFO: RetryParams: getRetryDelayBackoffFactor() = 2.0
jun 19, 2016 3:49:26 PM com.google.appinventor.server.storage.ObjectifyStorageIo <init>
INFO: RetryParams: getRetryMaxAttempts() = 10
jun 19, 2016 3:49:26 PM com.google.appinventor.server.storage.ObjectifyStorageIo <init>
INFO: RetryParams: getRetryMinAttempts() = 3
jun 19, 2016 3:49:26 PM com.google.appinventor.server.storage.ObjectifyStorageIo <init>
INFO: RetryParams: getTotalRetryPeriodMillis() = 10000
jun 19, 2016 3:49:26 PM com.google.appengine.api.datastore.dev.LocalDatastoreService init
INFO: Local Datastore initialized: 
	Type: Master/Slave
	Storage: In-memory
jun 19, 2016 3:49:26 PM com.google.appinventor.server.storage.ObjectifyStorageIo$1 run
INFO: Did not find userId 1100
jun 19, 2016 3:49:26 PM com.google.appinventor.server.storage.ObjectifyStorageIo <init>
INFO: RetryParams: getInitialRetryDelayMillis() = 100
jun 19, 2016 3:49:26 PM com.google.appinventor.server.storage.ObjectifyStorageIo <init>
INFO: RetryParams: getRequestTimeoutMillis() = 30000
jun 19, 2016 3:49:26 PM com.google.appinventor.server.storage.ObjectifyStorageIo <init>
INFO: RetryParams: getRetryDelayBackoffFactor() = 2.0
jun 19, 2016 3:49:26 PM com.google.appinventor.server.storage.ObjectifyStorageIo <init>
INFO: RetryParams: getRetryMaxAttempts() = 10
jun 19, 2016 3:49:26 PM com.google.appinventor.server.storage.ObjectifyStorageIo <init>
INFO: RetryParams: getRetryMinAttempts() = 3
jun 19, 2016 3:49:26 PM com.google.appinventor.server.storage.ObjectifyStorageIo <init>
INFO: RetryParams: getTotalRetryPeriodMillis() = 10000
jun 19, 2016 3:49:26 PM com.google.appengine.api.datastore.dev.LocalDatastoreService init
INFO: Local Datastore initialized: 
	Type: Master/Slave
	Storage: In-memory
jun 19, 2016 3:49:26 PM com.google.appinventor.server.storage.ObjectifyStorageIo$1 run
INFO: Did not find userId 1300
jun 19, 2016 3:49:26 PM com.google.appinventor.server.storage.ObjectifyStorageIo <init>
INFO: RetryParams: getInitialRetryDelayMillis() = 100
jun 19, 2016 3:49:26 PM com.google.appinventor.server.storage.ObjectifyStorageIo <init>
INFO: RetryParams: getRequestTimeoutMillis() = 30000
jun 19, 2016 3:49:26 PM com.google.appinventor.server.storage.ObjectifyStorageIo <init>
INFO: RetryParams: getRetryDelayBackoffFactor() = 2.0
jun 19, 2016 3:49:26 PM com.google.appinventor.server.storage.ObjectifyStorageIo <init>
INFO: RetryParams: getRetryMaxAttempts() = 10
jun 19, 2016 3:49:26 PM com.google.appinventor.server.storage.ObjectifyStorageIo <init>
INFO: RetryParams: getRetryMinAttempts() = 3
jun 19, 2016 3:49:26 PM com.google.appinventor.server.storage.ObjectifyStorageIo <init>
INFO: RetryParams: getTotalRetryPeriodMillis() = 10000
jun 19, 2016 3:49:26 PM com.google.appengine.api.datastore.dev.LocalDatastoreService init
INFO: Local Datastore initialized: 
	Type: Master/Slave
	Storage: In-memory
jun 19, 2016 3:49:26 PM com.google.appinventor.server.storage.ObjectifyStorageIo$1 run
INFO: Did not find userId 1100
jun 19, 2016 3:49:26 PM com.google.appinventor.server.CrashReport createAndLogError
SEVERE: java.io.UnsupportedEncodingException: No such encoding: Unsupported file content encoding,user=null, project=1, file=File1.src
build.version=
git.build.version=v1.2-2-g8dd6cf5-dirty

java.lang.RuntimeException: java.io.UnsupportedEncodingException: No such encoding
	at com.google.appinventor.server.CrashReport.createAndLogError(CrashReport.java:45)
	at com.google.appinventor.server.storage.ObjectifyStorageIo.uploadFile(ObjectifyStorageIo.java:1420)
	at com.google.appinventor.server.storage.ObjectifyStorageIoTest.testUnsupportedEncoding(ObjectifyStorageIoTest.java:370)
	at sun.reflect.NativeMethodAccessorImpl.invoke0(Native Method)
	at sun.reflect.NativeMethodAccessorImpl.invoke(NativeMethodAccessorImpl.java:57)
	at sun.reflect.DelegatingMethodAccessorImpl.invoke(DelegatingMethodAccessorImpl.java:43)
	at java.lang.reflect.Method.invoke(Method.java:606)
	at junit.framework.TestCase.runTest(TestCase.java:168)
	at junit.framework.TestCase.runBare(TestCase.java:134)
	at junit.framework.TestResult$1.protect(TestResult.java:110)
	at junit.framework.TestResult.runProtected(TestResult.java:128)
	at junit.framework.TestResult.run(TestResult.java:113)
	at junit.framework.TestCase.run(TestCase.java:124)
	at junit.framework.TestSuite.runTest(TestSuite.java:243)
	at junit.framework.TestSuite.run(TestSuite.java:238)
	at org.apache.tools.ant.taskdefs.optional.junit.JUnitTestRunner.run(JUnitTestRunner.java:532)
	at org.apache.tools.ant.taskdefs.optional.junit.JUnitTestRunner.launch(JUnitTestRunner.java:1179)
	at org.apache.tools.ant.taskdefs.optional.junit.JUnitTestRunner.main(JUnitTestRunner.java:1030)
Caused by: java.io.UnsupportedEncodingException: No such encoding
	at java.lang.StringCoding.encode(StringCoding.java:341)
	at java.lang.String.getBytes(String.java:916)
	at com.google.appinventor.server.storage.ObjectifyStorageIo.uploadFile(ObjectifyStorageIo.java:1418)
	... 16 more

jun 19, 2016 3:49:26 PM com.google.appinventor.server.CrashReport createAndLogError
SEVERE: java.io.UnsupportedEncodingException: No such encoding: Unsupported file content encoding, user=1100, project=1, file=File1.src
build.version=
git.build.version=v1.2-2-g8dd6cf5-dirty

java.lang.RuntimeException: java.io.UnsupportedEncodingException: No such encoding
	at com.google.appinventor.server.CrashReport.createAndLogError(CrashReport.java:45)
	at com.google.appinventor.server.storage.ObjectifyStorageIo.downloadFile(ObjectifyStorageIo.java:1702)
	at com.google.appinventor.server.storage.ObjectifyStorageIoTest.testUnsupportedEncoding(ObjectifyStorageIoTest.java:378)
	at sun.reflect.NativeMethodAccessorImpl.invoke0(Native Method)
	at sun.reflect.NativeMethodAccessorImpl.invoke(NativeMethodAccessorImpl.java:57)
	at sun.reflect.DelegatingMethodAccessorImpl.invoke(DelegatingMethodAccessorImpl.java:43)
	at java.lang.reflect.Method.invoke(Method.java:606)
	at junit.framework.TestCase.runTest(TestCase.java:168)
	at junit.framework.TestCase.runBare(TestCase.java:134)
	at junit.framework.TestResult$1.protect(TestResult.java:110)
	at junit.framework.TestResult.runProtected(TestResult.java:128)
	at junit.framework.TestResult.run(TestResult.java:113)
	at junit.framework.TestCase.run(TestCase.java:124)
	at junit.framework.TestSuite.runTest(TestSuite.java:243)
	at junit.framework.TestSuite.run(TestSuite.java:238)
	at org.apache.tools.ant.taskdefs.optional.junit.JUnitTestRunner.run(JUnitTestRunner.java:532)
	at org.apache.tools.ant.taskdefs.optional.junit.JUnitTestRunner.launch(JUnitTestRunner.java:1179)
	at org.apache.tools.ant.taskdefs.optional.junit.JUnitTestRunner.main(JUnitTestRunner.java:1030)
Caused by: java.io.UnsupportedEncodingException: No such encoding
	at java.lang.StringCoding.decode(StringCoding.java:190)
	at java.lang.String.<init>(String.java:416)
	at java.lang.String.<init>(String.java:481)
	at com.google.appinventor.server.storage.ObjectifyStorageIo.downloadFile(ObjectifyStorageIo.java:1700)
	... 16 more

jun 19, 2016 3:49:26 PM com.google.appinventor.server.storage.ObjectifyStorageIo <init>
INFO: RetryParams: getInitialRetryDelayMillis() = 100
jun 19, 2016 3:49:26 PM com.google.appinventor.server.storage.ObjectifyStorageIo <init>
INFO: RetryParams: getRequestTimeoutMillis() = 30000
jun 19, 2016 3:49:26 PM com.google.appinventor.server.storage.ObjectifyStorageIo <init>
INFO: RetryParams: getRetryDelayBackoffFactor() = 2.0
jun 19, 2016 3:49:26 PM com.google.appinventor.server.storage.ObjectifyStorageIo <init>
INFO: RetryParams: getRetryMaxAttempts() = 10
jun 19, 2016 3:49:26 PM com.google.appinventor.server.storage.ObjectifyStorageIo <init>
INFO: RetryParams: getRetryMinAttempts() = 3
jun 19, 2016 3:49:26 PM com.google.appinventor.server.storage.ObjectifyStorageIo <init>
INFO: RetryParams: getTotalRetryPeriodMillis() = 10000
jun 19, 2016 3:49:26 PM com.google.appengine.api.datastore.dev.LocalDatastoreService init
INFO: Local Datastore initialized: 
	Type: Master/Slave
	Storage: In-memory
jun 19, 2016 3:49:26 PM com.google.appinventor.server.storage.ObjectifyStorageIo$1 run
INFO: Did not find userId 1100
jun 19, 2016 3:49:26 PM com.google.appinventor.server.CrashReport createAndLogError
SEVERE: java.io.UnsupportedEncodingException: No such encoding: Unsupported file content encoding, user=1100, file=File1.src
build.version=
git.build.version=v1.2-2-g8dd6cf5-dirty

java.lang.RuntimeException: java.io.UnsupportedEncodingException: No such encoding
	at com.google.appinventor.server.CrashReport.createAndLogError(CrashReport.java:45)
	at com.google.appinventor.server.storage.ObjectifyStorageIo$32.run(ObjectifyStorageIo.java:1142)
	at com.google.appinventor.server.storage.ObjectifyStorageIo.runJobWithRetries(ObjectifyStorageIo.java:2420)
	at com.google.appinventor.server.storage.ObjectifyStorageIo.uploadUserFile(ObjectifyStorageIo.java:1134)
	at com.google.appinventor.server.storage.ObjectifyStorageIoTest.testUnsupportedEncodingUserFIle(ObjectifyStorageIoTest.java:394)
	at sun.reflect.NativeMethodAccessorImpl.invoke0(Native Method)
	at sun.reflect.NativeMethodAccessorImpl.invoke(NativeMethodAccessorImpl.java:57)
	at sun.reflect.DelegatingMethodAccessorImpl.invoke(DelegatingMethodAccessorImpl.java:43)
	at java.lang.reflect.Method.invoke(Method.java:606)
	at junit.framework.TestCase.runTest(TestCase.java:168)
	at junit.framework.TestCase.runBare(TestCase.java:134)
	at junit.framework.TestResult$1.protect(TestResult.java:110)
	at junit.framework.TestResult.runProtected(TestResult.java:128)
	at junit.framework.TestResult.run(TestResult.java:113)
	at junit.framework.TestCase.run(TestCase.java:124)
	at junit.framework.TestSuite.runTest(TestSuite.java:243)
	at junit.framework.TestSuite.run(TestSuite.java:238)
	at org.apache.tools.ant.taskdefs.optional.junit.JUnitTestRunner.run(JUnitTestRunner.java:532)
	at org.apache.tools.ant.taskdefs.optional.junit.JUnitTestRunner.launch(JUnitTestRunner.java:1179)
	at org.apache.tools.ant.taskdefs.optional.junit.JUnitTestRunner.main(JUnitTestRunner.java:1030)
Caused by: java.io.UnsupportedEncodingException: No such encoding
	at java.lang.StringCoding.encode(StringCoding.java:341)
	at java.lang.String.getBytes(String.java:916)
	at com.google.appinventor.server.storage.ObjectifyStorageIo$32.run(ObjectifyStorageIo.java:1139)
	... 18 more

jun 19, 2016 3:49:26 PM com.google.appinventor.server.CrashReport createAndLogError
SEVERE: java.io.UnsupportedEncodingException: No such encoding: Unsupported file content encoding, user=1100, file=File1.src
build.version=
git.build.version=v1.2-2-g8dd6cf5-dirty

java.lang.RuntimeException: java.io.UnsupportedEncodingException: No such encoding
	at com.google.appinventor.server.CrashReport.createAndLogError(CrashReport.java:45)
	at com.google.appinventor.server.storage.ObjectifyStorageIo$34.run(ObjectifyStorageIo.java:1190)
	at com.google.appinventor.server.storage.ObjectifyStorageIo.runJobWithRetries(ObjectifyStorageIo.java:2420)
	at com.google.appinventor.server.storage.ObjectifyStorageIo.downloadUserFile(ObjectifyStorageIo.java:1184)
	at com.google.appinventor.server.storage.ObjectifyStorageIoTest.testUnsupportedEncodingUserFIle(ObjectifyStorageIoTest.java:403)
	at sun.reflect.NativeMethodAccessorImpl.invoke0(Native Method)
	at sun.reflect.NativeMethodAccessorImpl.invoke(NativeMethodAccessorImpl.java:57)
	at sun.reflect.DelegatingMethodAccessorImpl.invoke(DelegatingMethodAccessorImpl.java:43)
	at java.lang.reflect.Method.invoke(Method.java:606)
	at junit.framework.TestCase.runTest(TestCase.java:168)
	at junit.framework.TestCase.runBare(TestCase.java:134)
	at junit.framework.TestResult$1.protect(TestResult.java:110)
	at junit.framework.TestResult.runProtected(TestResult.java:128)
	at junit.framework.TestResult.run(TestResult.java:113)
	at junit.framework.TestCase.run(TestCase.java:124)
	at junit.framework.TestSuite.runTest(TestSuite.java:243)
	at junit.framework.TestSuite.run(TestSuite.java:238)
	at org.apache.tools.ant.taskdefs.optional.junit.JUnitTestRunner.run(JUnitTestRunner.java:532)
	at org.apache.tools.ant.taskdefs.optional.junit.JUnitTestRunner.launch(JUnitTestRunner.java:1179)
	at org.apache.tools.ant.taskdefs.optional.junit.JUnitTestRunner.main(JUnitTestRunner.java:1030)
Caused by: java.io.UnsupportedEncodingException: No such encoding
	at java.lang.StringCoding.decode(StringCoding.java:190)
	at java.lang.String.<init>(String.java:416)
	at java.lang.String.<init>(String.java:481)
	at com.google.appinventor.server.storage.ObjectifyStorageIo$34.run(ObjectifyStorageIo.java:1188)
	... 18 more

jun 19, 2016 3:49:26 PM com.google.appinventor.server.storage.ObjectifyStorageIo <init>
INFO: RetryParams: getInitialRetryDelayMillis() = 100
jun 19, 2016 3:49:26 PM com.google.appinventor.server.storage.ObjectifyStorageIo <init>
INFO: RetryParams: getRequestTimeoutMillis() = 30000
jun 19, 2016 3:49:27 PM com.google.appinventor.server.storage.ObjectifyStorageIo <init>
INFO: RetryParams: getRetryDelayBackoffFactor() = 2.0
jun 19, 2016 3:49:27 PM com.google.appinventor.server.storage.ObjectifyStorageIo <init>
INFO: RetryParams: getRetryMaxAttempts() = 10
jun 19, 2016 3:49:27 PM com.google.appinventor.server.storage.ObjectifyStorageIo <init>
INFO: RetryParams: getRetryMinAttempts() = 3
jun 19, 2016 3:49:27 PM com.google.appinventor.server.storage.ObjectifyStorageIo <init>
INFO: RetryParams: getTotalRetryPeriodMillis() = 10000
jun 19, 2016 3:49:27 PM com.google.appengine.api.datastore.dev.LocalDatastoreService init
INFO: Local Datastore initialized: 
	Type: Master/Slave
	Storage: In-memory
jun 19, 2016 3:49:27 PM com.google.appinventor.server.storage.ObjectifyStorageIo <init>
INFO: RetryParams: getInitialRetryDelayMillis() = 100
jun 19, 2016 3:49:27 PM com.google.appinventor.server.storage.ObjectifyStorageIo <init>
INFO: RetryParams: getRequestTimeoutMillis() = 30000
jun 19, 2016 3:49:27 PM com.google.appinventor.server.storage.ObjectifyStorageIo <init>
INFO: RetryParams: getRetryDelayBackoffFactor() = 2.0
jun 19, 2016 3:49:27 PM com.google.appinventor.server.storage.ObjectifyStorageIo <init>
INFO: RetryParams: getRetryMaxAttempts() = 10
jun 19, 2016 3:49:27 PM com.google.appinventor.server.storage.ObjectifyStorageIo <init>
INFO: RetryParams: getRetryMinAttempts() = 3
jun 19, 2016 3:49:27 PM com.google.appinventor.server.storage.ObjectifyStorageIo <init>
INFO: RetryParams: getTotalRetryPeriodMillis() = 10000
jun 19, 2016 3:49:27 PM com.google.appinventor.server.storage.ObjectifyStorageIo$1 run
INFO: Did not find userId 1310
jun 19, 2016 3:49:27 PM com.google.appinventor.server.storage.ObjectifyStorageIo <init>
INFO: RetryParams: getInitialRetryDelayMillis() = 100
jun 19, 2016 3:49:27 PM com.google.appinventor.server.storage.ObjectifyStorageIo <init>
INFO: RetryParams: getRequestTimeoutMillis() = 30000
jun 19, 2016 3:49:27 PM com.google.appinventor.server.storage.ObjectifyStorageIo <init>
INFO: RetryParams: getRetryDelayBackoffFactor() = 2.0
jun 19, 2016 3:49:27 PM com.google.appinventor.server.storage.ObjectifyStorageIo <init>
INFO: RetryParams: getRetryMaxAttempts() = 10
jun 19, 2016 3:49:27 PM com.google.appinventor.server.storage.ObjectifyStorageIo <init>
INFO: RetryParams: getRetryMinAttempts() = 3
jun 19, 2016 3:49:27 PM com.google.appinventor.server.storage.ObjectifyStorageIo <init>
INFO: RetryParams: getTotalRetryPeriodMillis() = 10000
jun 19, 2016 3:49:27 PM com.google.appengine.api.datastore.dev.LocalDatastoreService init
INFO: Local Datastore initialized: 
	Type: Master/Slave
	Storage: In-memory
jun 19, 2016 3:49:27 PM com.google.appinventor.server.storage.ObjectifyStorageIo$1 run
INFO: Did not find userId 1400
jun 19, 2016 3:49:27 PM com.google.appinventor.server.storage.ObjectifyStorageIo <init>
INFO: RetryParams: getInitialRetryDelayMillis() = 100
jun 19, 2016 3:49:27 PM com.google.appinventor.server.storage.ObjectifyStorageIo <init>
INFO: RetryParams: getRequestTimeoutMillis() = 30000
jun 19, 2016 3:49:27 PM com.google.appinventor.server.storage.ObjectifyStorageIo <init>
INFO: RetryParams: getRetryDelayBackoffFactor() = 2.0
jun 19, 2016 3:49:27 PM com.google.appinventor.server.storage.ObjectifyStorageIo <init>
INFO: RetryParams: getRetryMaxAttempts() = 10
jun 19, 2016 3:49:27 PM com.google.appinventor.server.storage.ObjectifyStorageIo <init>
INFO: RetryParams: getRetryMinAttempts() = 3
jun 19, 2016 3:49:27 PM com.google.appinventor.server.storage.ObjectifyStorageIo <init>
INFO: RetryParams: getTotalRetryPeriodMillis() = 10000
jun 19, 2016 3:49:27 PM com.google.appengine.api.datastore.dev.LocalDatastoreService init
INFO: Local Datastore initialized: 
	Type: Master/Slave
	Storage: In-memory
jun 19, 2016 3:49:27 PM com.google.appinventor.server.storage.ObjectifyStorageIo$1 run
INFO: Did not find userId 1500
jun 19, 2016 3:49:27 PM com.google.appinventor.server.storage.ObjectifyStorageIo <init>
INFO: RetryParams: getInitialRetryDelayMillis() = 100
jun 19, 2016 3:49:27 PM com.google.appinventor.server.storage.ObjectifyStorageIo <init>
INFO: RetryParams: getRequestTimeoutMillis() = 30000
jun 19, 2016 3:49:27 PM com.google.appinventor.server.storage.ObjectifyStorageIo <init>
INFO: RetryParams: getRetryDelayBackoffFactor() = 2.0
jun 19, 2016 3:49:27 PM com.google.appinventor.server.storage.ObjectifyStorageIo <init>
INFO: RetryParams: getRetryMaxAttempts() = 10
jun 19, 2016 3:49:27 PM com.google.appinventor.server.storage.ObjectifyStorageIo <init>
INFO: RetryParams: getRetryMinAttempts() = 3
jun 19, 2016 3:49:27 PM com.google.appinventor.server.storage.ObjectifyStorageIo <init>
INFO: RetryParams: getTotalRetryPeriodMillis() = 10000
jun 19, 2016 3:49:27 PM com.google.appengine.api.datastore.dev.LocalDatastoreService init
INFO: Local Datastore initialized: 
	Type: Master/Slave
	Storage: In-memory
jun 19, 2016 3:49:27 PM com.google.appinventor.server.storage.ObjectifyStorageIo$1 run
INFO: Did not find userId 1600
jun 19, 2016 3:49:27 PM com.google.appinventor.server.CrashReport createAndLogError
SEVERE: com.google.appinventor.server.storage.UnauthorizedAccessException: user=1700, project=1
build.version=
git.build.version=v1.2-2-g8dd6cf5-dirty

java.lang.RuntimeException: com.google.appinventor.server.storage.UnauthorizedAccessException
	at com.google.appinventor.server.CrashReport.createAndLogError(CrashReport.java:45)
	at com.google.appinventor.server.storage.ObjectifyStorageIo.downloadRawFile(ObjectifyStorageIo.java:1754)
	at com.google.appinventor.server.storage.ObjectifyStorageIoTest.testWrongUserThrowsException(ObjectifyStorageIoTest.java:507)
	at sun.reflect.NativeMethodAccessorImpl.invoke0(Native Method)
	at sun.reflect.NativeMethodAccessorImpl.invoke(NativeMethodAccessorImpl.java:57)
	at sun.reflect.DelegatingMethodAccessorImpl.invoke(DelegatingMethodAccessorImpl.java:43)
	at java.lang.reflect.Method.invoke(Method.java:606)
	at junit.framework.TestCase.runTest(TestCase.java:168)
	at junit.framework.TestCase.runBare(TestCase.java:134)
	at junit.framework.TestResult$1.protect(TestResult.java:110)
	at junit.framework.TestResult.runProtected(TestResult.java:128)
	at junit.framework.TestResult.run(TestResult.java:113)
	at junit.framework.TestCase.run(TestCase.java:124)
	at junit.framework.TestSuite.runTest(TestSuite.java:243)
	at junit.framework.TestSuite.run(TestSuite.java:238)
	at org.apache.tools.ant.taskdefs.optional.junit.JUnitTestRunner.run(JUnitTestRunner.java:532)
	at org.apache.tools.ant.taskdefs.optional.junit.JUnitTestRunner.launch(JUnitTestRunner.java:1179)
	at org.apache.tools.ant.taskdefs.optional.junit.JUnitTestRunner.main(JUnitTestRunner.java:1030)
Caused by: com.google.appinventor.server.storage.UnauthorizedAccessException
	... 17 more

]]></system-err>
</testsuite>
