<?xml version="1.0" encoding="UTF-8" ?>
<testsuite errors="0" failures="0" hostname="MacBook-Air-de-Tatiana.local" name="com.google.appinventor.components.runtime.SpriteTest" skipped="0" tests="5" time="4.614" timestamp="2016-06-19T15:51:36">
  <properties>
    <property name="java.vendor" value="Oracle Corporation" />
    <property name="lib.dir" value="/Users/Taty/git/vedils_final/appinventor/lib" />
    <property name="sun.java.launcher" value="SUN_STANDARD" />
    <property name="sun.management.compiler" value="HotSpot 64-Bit Tiered Compilers" />
    <property name="docs.dir" value="/Users/Taty/git/vedils_final/appinventor/docs" />
    <property name="os.name" value="Mac OS X" />
    <property name="ant.file.components" value="/Users/Taty/git/vedils_final/appinventor/components/build.xml" />
    <property name="sun.boot.class.path" value="/Library/Java/JavaVirtualMachines/jdk1.7.0_25.jdk/Contents/Home/jre/lib/resources.jar:/Library/Java/JavaVirtualMachines/jdk1.7.0_25.jdk/Contents/Home/jre/lib/rt.jar:/Library/Java/JavaVirtualMachines/jdk1.7.0_25.jdk/Contents/Home/jre/lib/sunrsasign.jar:/Library/Java/JavaVirtualMachines/jdk1.7.0_25.jdk/Contents/Home/jre/lib/jsse.jar:/Library/Java/JavaVirtualMachines/jdk1.7.0_25.jdk/Contents/Home/jre/lib/jce.jar:/Library/Java/JavaVirtualMachines/jdk1.7.0_25.jdk/Contents/Home/jre/lib/charsets.jar:/Library/Java/JavaVirtualMachines/jdk1.7.0_25.jdk/Contents/Home/jre/lib/jfr.jar:/Library/Java/JavaVirtualMachines/jdk1.7.0_25.jdk/Contents/Home/jre/lib/JObjC.jar:/Library/Java/JavaVirtualMachines/jdk1.7.0_25.jdk/Contents/Home/jre/classes" />
    <property name="java.vm.specification.vendor" value="Oracle Corporation" />
    <property name="ant.home" value="/usr/local/Cellar/ant/1.9.4/libexec" />
    <property name="java.runtime.version" value="1.7.0_25-b15" />
    <property name="user.name" value="Taty" />
    <property name="public.build.dir" value="/Users/Taty/git/vedils_final/appinventor/build/components" />
    <property name="debug" value="true" />
    <property name="barcode.pkg" value="com/google/zxing/client/android" />
    <property name="build.dir" value="/Users/Taty/git/vedils_final/appinventor/build" />
    <property name="appinventor.dir" value="/Users/Taty/git/vedils_final/appinventor" />
    <property name="user.language" value="es" />
    <property name="class.dir" value="/Users/Taty/git/vedils_final/appinventor/components/build/classes" />
    <property name="sun.boot.library.path" value="/Library/Java/JavaVirtualMachines/jdk1.7.0_25.jdk/Contents/Home/jre/lib" />
    <property name="reports.dir" value="/Users/Taty/git/vedils_final/appinventor/components/reports" />
    <property name="ant.project.default-target" value="all" />
    <property name="ant.project.name" value="components" />
    <property name="java.version" value="1.7.0_25" />
    <property name="AndroidRuntime-class.dir" value="/Users/Taty/git/vedils_final/appinventor/components/build/classes/AndroidRuntime" />
    <property name="user.timezone" value="" />
    <property name="sun.arch.data.model" value="64" />
    <property name="http.nonProxyHosts" value="local|*.local|169.254/16|*.169.254/16" />
    <property name="java.endorsed.dirs" value="/Library/Java/JavaVirtualMachines/jdk1.7.0_25.jdk/Contents/Home/jre/lib/endorsed" />
    <property name="sun.cpu.isalist" value="" />
    <property name="sun.jnu.encoding" value="UTF-8" />
    <property name="file.encoding.pkg" value="sun.io" />
    <property name="file.separator" value="/" />
    <property name="java.specification.name" value="Java Platform API Specification" />
    <property name="java.class.version" value="51.0" />
    <property name="user.country" value="ES" />
    <property name="java.home" value="/Library/Java/JavaVirtualMachines/jdk1.7.0_25.jdk/Contents/Home/jre" />
    <property name="ant.file.AllProjects" value="/Users/Taty/git/vedils_final/appinventor/build.xml" />
    <property name="java.vm.info" value="mixed mode" />
    <property name="ant.file" value="/Users/Taty/git/vedils_final/appinventor/components/build.xml" />
    <property name="os.version" value="10.11.3" />
    <property name="sun.font.fontmanager" value="sun.font.CFontManager" />
    <property name="path.separator" value=":" />
    <property name="java.vm.version" value="23.25-b01" />
    <property name="ant.library.dir" value="/usr/local/Cellar/ant/1.9.4/libexec/lib" />
    <property name="sun.awt.enableExtraMouseButtons" value="true" />
    <property name="ant.file.type.AllProjects" value="file" />
    <property name="java.awt.printerjob" value="sun.lwawt.macosx.CPrinterJob" />
    <property name="sun.io.unicode.encoding" value="UnicodeBig" />
    <property name="awt.toolkit" value="sun.lwawt.macosx.LWCToolkit" />
    <property name="socksNonProxyHosts" value="local|*.local|169.254/16|*.169.254/16" />
    <property name="debug.compile" value="true" />
    <property name="ftp.nonProxyHosts" value="local|*.local|169.254/16|*.169.254/16" />
    <property name="user.home" value="/Users/Taty" />
    <property name="java.specification.vendor" value="Oracle Corporation" />
    <property name="java.library.path" value="/Users/Taty/Library/Java/Extensions:/Library/Java/Extensions:/Network/Library/Java/Extensions:/System/Library/Java/Extensions:/usr/lib/java:." />
    <property name="java.vendor.url" value="http://java.oracle.com/" />
    <property name="java.vm.vendor" value="Oracle Corporation" />
    <property name="gopherProxySet" value="false" />
    <property name="components.pkg" value="com/google/appinventor/components" />
    <property name="java.runtime.name" value="Java(TM) SE Runtime Environment" />
    <property name="sun.java.command" value="org.apache.tools.ant.taskdefs.optional.junit.JUnitTestRunner com.google.appinventor.components.runtime.SpriteTest skipNonTests=false filtertrace=true haltOnError=false haltOnFailure=false formatter=org.apache.tools.ant.taskdefs.optional.junit.SummaryJUnitResultFormatter showoutput=false outputtoformatters=true logfailedtests=true threadid=0 logtestlistenerevents=false formatter=org.apache.tools.ant.taskdefs.optional.junit.XMLJUnitResultFormatter,/Users/Taty/git/vedils_final/appinventor/components/reports/raw/TEST-com.google.appinventor.components.runtime.SpriteTest.xml crashfile=/Users/Taty/git/vedils_final/appinventor/components/junitvmwatcher5246064495426442405.properties propsfile=/Users/Taty/git/vedils_final/appinventor/components/junit7950508373562124186.properties" />
    <property name="java.class.path" value="/Users/Taty/git/vedils_final/appinventor/build/components/AndroidRuntime.jar:/Users/Taty/git/vedils_final/appinventor/build/components/CommonConstants.jar:/Users/Taty/git/vedils_final/appinventor/lib/json/json.jar:/Users/Taty/git/vedils_final/appinventor/lib/junit/junit-4.8.2.jar:/Users/Taty/git/vedils_final/appinventor/lib/junit4/tl4j-junit4-1.1.3.jar:/Users/Taty/git/vedils_final/appinventor/lib/kawa/kawa-1.11-modified.jar:/Users/Taty/git/vedils_final/appinventor/lib/acra/acra-4.4.0.jar:/Users/Taty/git/vedils_final/appinventor/lib/powermock/cglib-nodep-2.2.jar:/Users/Taty/git/vedils_final/appinventor/lib/powermock/easymock-3.0.jar:/Users/Taty/git/vedils_final/appinventor/lib/powermock/javassist-3.18.0-GA.jar:/Users/Taty/git/vedils_final/appinventor/lib/powermock/objenesis-1.2.jar:/Users/Taty/git/vedils_final/appinventor/lib/powermock/powermock-easymock-1.4.10-full.jar:/Users/Taty/git/vedils_final/appinventor/lib/android/4.2.2/android.jar:/Users/Taty/git/vedils_final/appinventor/components/build/AndroidRuntimeTests.jar:/usr/local/Cellar/ant/1.9.4/libexec/lib/ant-launcher.jar:/usr/local/Cellar/ant/1.9.4/libexec/lib/ant.jar:/usr/local/Cellar/ant/1.9.4/libexec/lib/ant-junit.jar:/usr/local/Cellar/ant/1.9.4/libexec/lib/ant-junit4.jar" />
    <property name="ant.version" value="Apache Ant(TM) version 1.9.4 compiled on April 29 2014" />
    <property name="ant.file.type.CommonDefinitions" value="file" />
    <property name="ant.file.CommonDefinitions" value="/Users/Taty/git/vedils_final/appinventor/build-common.xml" />
    <property name="java.vm.specification.name" value="Java Virtual Machine Specification" />
    <property name="ant.file.type" value="file" />
    <property name="HtmlEntities-class.dir" value="/Users/Taty/git/vedils_final/appinventor/components/build/classes/HtmlEntities" />
    <property name="java.vm.specification.version" value="1.7" />
    <property name="sun.os.patch.level" value="unknown" />
    <property name="sun.cpu.endian" value="little" />
    <property name="test_name.class" value="${test_name}" />
    <property name="java.io.tmpdir" value="/var/folders/m5/2tl56jr57t9b134g3c68r5rr0000gn/T/" />
    <property name="java.vendor.url.bug" value="http://bugreport.sun.com/bugreport/" />
    <property name="java.awt.graphicsenv" value="sun.awt.CGraphicsEnvironment" />
    <property name="os.arch" value="x86_64" />
    <property name="java.ext.dirs" value="/Users/Taty/Library/Java/Extensions:/Library/Java/JavaVirtualMachines/jdk1.7.0_25.jdk/Contents/Home/jre/lib/ext:/Library/Java/Extensions:/Network/Library/Java/Extensions:/System/Library/Java/Extensions:/usr/lib/java" />
    <property name="tests.dir" value="/Users/Taty/git/vedils_final/appinventor/components/tests" />
    <property name="user.dir" value="/Users/Taty/git/vedils_final/appinventor" />
    <property name="org.apache.tools.ant.taskdefs.optional.junit.AggregateTransformer6" value="/var/folders/m5/2tl56jr57t9b134g3c68r5rr0000gn/T/null517595532" />
    <property name="line.separator" value="&#xa;" />
    <property name="java.vm.name" value="Java HotSpot(TM) 64-Bit Server VM" />
    <property name="CommonConstants-class.dir" value="/Users/Taty/git/vedils_final/appinventor/components/build/classes/CommonConstants" />
    <property name="basedir" value="/Users/Taty/git/vedils_final/appinventor/components" />
    <property name="local.build.dir" value="/Users/Taty/git/vedils_final/appinventor/components/build" />
    <property name="ant.java.version" value="1.7" />
    <property name="ant.core.lib" value="/usr/local/Cellar/ant/1.9.4/libexec/lib/ant.jar" />
    <property name="file.encoding" value="UTF-8" />
    <property name="java.specification.version" value="1.7" />
    <property name="src.dir" value="/Users/Taty/git/vedils_final/appinventor/components/src" />
    <property name="ant.project.invoked-targets" value="tests" />
    <property name="ant.file.type.components" value="file" />
  </properties>
  <testcase classname="com.google.appinventor.components.runtime.SpriteTest" name="testHeading" time="0.055" />
  <testcase classname="com.google.appinventor.components.runtime.SpriteTest" name="testCollidingFalse" time="0.066" />
  <testcase classname="com.google.appinventor.components.runtime.SpriteTest" name="testCollidingTrue" time="0.018" />
  <testcase classname="com.google.appinventor.components.runtime.SpriteTest" name="testCollidingCatMouse" time="0.017" />
  <testcase classname="com.google.appinventor.components.runtime.SpriteTest" name="testSpriteBiggerThanCanvas" time="0.004" />
  <system-out><![CDATA[]]></system-out>
  <system-err><![CDATA[]]></system-err>
</testsuite>
